{"C:\\Users\\linho\\Desktop\\CS 394\\GiftGuru\\router\\routerDispatcher.jsx": {"path":"C:\\Users\\linho\\Desktop\\CS 394\\GiftGuru\\router\\routerDispatcher.jsx","all":true,"statementMap":{"0":{"start":{"line":1,"column":0},"end":{"line":1,"column":26}},"1":{"start":{"line":2,"column":0},"end":{"line":2,"column":74}},"2":{"start":{"line":3,"column":0},"end":{"line":3,"column":58}},"3":{"start":{"line":4,"column":0},"end":{"line":4,"column":59}},"4":{"start":{"line":5,"column":0},"end":{"line":5,"column":62}},"5":{"start":{"line":6,"column":0},"end":{"line":6,"column":68}},"6":{"start":{"line":7,"column":0},"end":{"line":7,"column":77}},"7":{"start":{"line":8,"column":0},"end":{"line":8,"column":92}},"8":{"start":{"line":9,"column":0},"end":{"line":9,"column":111}},"9":{"start":{"line":10,"column":0},"end":{"line":10,"column":107}},"10":{"start":{"line":11,"column":0},"end":{"line":11,"column":0}},"11":{"start":{"line":12,"column":0},"end":{"line":12,"column":31}},"12":{"start":{"line":13,"column":0},"end":{"line":13,"column":41}},"13":{"start":{"line":14,"column":0},"end":{"line":14,"column":0}},"14":{"start":{"line":15,"column":0},"end":{"line":15,"column":16}},"15":{"start":{"line":16,"column":0},"end":{"line":16,"column":33}},"16":{"start":{"line":17,"column":0},"end":{"line":17,"column":3}},"17":{"start":{"line":18,"column":0},"end":{"line":18,"column":0}},"18":{"start":{"line":19,"column":0},"end":{"line":19,"column":42}},"19":{"start":{"line":20,"column":0},"end":{"line":20,"column":62}},"20":{"start":{"line":21,"column":0},"end":{"line":21,"column":4}},"21":{"start":{"line":22,"column":0},"end":{"line":22,"column":0}},"22":{"start":{"line":23,"column":0},"end":{"line":23,"column":10}},"23":{"start":{"line":24,"column":0},"end":{"line":24,"column":19}},"24":{"start":{"line":25,"column":0},"end":{"line":25,"column":14}},"25":{"start":{"line":26,"column":0},"end":{"line":26,"column":69}},"26":{"start":{"line":27,"column":0},"end":{"line":27,"column":55}},"27":{"start":{"line":28,"column":0},"end":{"line":28,"column":14}},"28":{"start":{"line":29,"column":0},"end":{"line":29,"column":22}},"29":{"start":{"line":30,"column":0},"end":{"line":30,"column":19}},"30":{"start":{"line":31,"column":0},"end":{"line":31,"column":26}},"31":{"start":{"line":32,"column":0},"end":{"line":32,"column":26}},"32":{"start":{"line":33,"column":0},"end":{"line":33,"column":27}},"33":{"start":{"line":34,"column":0},"end":{"line":34,"column":11}},"34":{"start":{"line":35,"column":0},"end":{"line":35,"column":10}},"35":{"start":{"line":36,"column":0},"end":{"line":36,"column":14}},"36":{"start":{"line":37,"column":0},"end":{"line":37,"column":25}},"37":{"start":{"line":38,"column":0},"end":{"line":38,"column":19}},"38":{"start":{"line":39,"column":0},"end":{"line":39,"column":26}},"39":{"start":{"line":40,"column":0},"end":{"line":40,"column":29}},"40":{"start":{"line":41,"column":0},"end":{"line":41,"column":27}},"41":{"start":{"line":42,"column":0},"end":{"line":42,"column":11}},"42":{"start":{"line":43,"column":0},"end":{"line":43,"column":10}},"43":{"start":{"line":44,"column":0},"end":{"line":44,"column":14}},"44":{"start":{"line":45,"column":0},"end":{"line":45,"column":33}},"45":{"start":{"line":46,"column":0},"end":{"line":46,"column":19}},"46":{"start":{"line":47,"column":0},"end":{"line":47,"column":26}},"47":{"start":{"line":48,"column":0},"end":{"line":48,"column":37}},"48":{"start":{"line":49,"column":0},"end":{"line":49,"column":27}},"49":{"start":{"line":50,"column":0},"end":{"line":50,"column":11}},"50":{"start":{"line":51,"column":0},"end":{"line":51,"column":10}},"51":{"start":{"line":52,"column":0},"end":{"line":52,"column":14}},"52":{"start":{"line":53,"column":0},"end":{"line":53,"column":28}},"53":{"start":{"line":54,"column":0},"end":{"line":54,"column":19}},"54":{"start":{"line":55,"column":0},"end":{"line":55,"column":26}},"55":{"start":{"line":56,"column":0},"end":{"line":56,"column":32}},"56":{"start":{"line":57,"column":0},"end":{"line":57,"column":27}},"57":{"start":{"line":58,"column":0},"end":{"line":58,"column":11}},"58":{"start":{"line":59,"column":0},"end":{"line":59,"column":10}},"59":{"start":{"line":60,"column":0},"end":{"line":60,"column":14}},"60":{"start":{"line":61,"column":0},"end":{"line":61,"column":43}},"61":{"start":{"line":62,"column":0},"end":{"line":62,"column":19}},"62":{"start":{"line":63,"column":0},"end":{"line":63,"column":26}},"63":{"start":{"line":64,"column":0},"end":{"line":64,"column":46}},"64":{"start":{"line":65,"column":0},"end":{"line":65,"column":27}},"65":{"start":{"line":66,"column":0},"end":{"line":66,"column":11}},"66":{"start":{"line":67,"column":0},"end":{"line":67,"column":10}},"67":{"start":{"line":68,"column":0},"end":{"line":68,"column":14}},"68":{"start":{"line":69,"column":0},"end":{"line":69,"column":39}},"69":{"start":{"line":70,"column":0},"end":{"line":70,"column":19}},"70":{"start":{"line":71,"column":0},"end":{"line":71,"column":26}},"71":{"start":{"line":72,"column":0},"end":{"line":72,"column":42}},"72":{"start":{"line":73,"column":0},"end":{"line":73,"column":27}},"73":{"start":{"line":74,"column":0},"end":{"line":74,"column":11}},"74":{"start":{"line":75,"column":0},"end":{"line":75,"column":10}},"75":{"start":{"line":76,"column":0},"end":{"line":76,"column":15}},"76":{"start":{"line":77,"column":0},"end":{"line":77,"column":20}},"77":{"start":{"line":78,"column":0},"end":{"line":78,"column":4}},"78":{"start":{"line":79,"column":0},"end":{"line":79,"column":2}},"79":{"start":{"line":80,"column":0},"end":{"line":80,"column":0}},"80":{"start":{"line":81,"column":0},"end":{"line":81,"column":31}}},"s":{"0":0,"1":0,"2":0,"3":0,"4":0,"5":0,"6":0,"7":0,"8":0,"9":0,"10":0,"11":0,"12":0,"13":0,"14":0,"15":0,"16":0,"17":0,"18":0,"19":0,"20":0,"21":0,"22":0,"23":0,"24":0,"25":0,"26":0,"27":0,"28":0,"29":0,"30":0,"31":0,"32":0,"33":0,"34":0,"35":0,"36":0,"37":0,"38":0,"39":0,"40":0,"41":0,"42":0,"43":0,"44":0,"45":0,"46":0,"47":0,"48":0,"49":0,"50":0,"51":0,"52":0,"53":0,"54":0,"55":0,"56":0,"57":0,"58":0,"59":0,"60":0,"61":0,"62":0,"63":0,"64":0,"65":0,"66":0,"67":0,"68":0,"69":0,"70":0,"71":0,"72":0,"73":0,"74":0,"75":0,"76":0,"77":0,"78":0,"79":0,"80":0},"branchMap":{"0":{"type":"branch","line":1,"loc":{"start":{"line":1,"column":0},"end":{"line":81,"column":31}},"locations":[{"start":{"line":1,"column":0},"end":{"line":81,"column":31}}]}},"b":{"0":[0]},"fnMap":{"0":{"name":"(empty-report)","decl":{"start":{"line":1,"column":0},"end":{"line":81,"column":31}},"loc":{"start":{"line":1,"column":0},"end":{"line":81,"column":31}},"line":1}},"f":{"0":0}}
,"C:\\Users\\linho\\Desktop\\CS 394\\GiftGuru\\src\\index.jsx": {"path":"C:\\Users\\linho\\Desktop\\CS 394\\GiftGuru\\src\\index.jsx","all":true,"statementMap":{"0":{"start":{"line":1,"column":0},"end":{"line":1,"column":26}},"1":{"start":{"line":2,"column":0},"end":{"line":2,"column":40}},"2":{"start":{"line":3,"column":0},"end":{"line":3,"column":21}},"3":{"start":{"line":4,"column":0},"end":{"line":4,"column":57}},"4":{"start":{"line":5,"column":0},"end":{"line":5,"column":0}},"5":{"start":{"line":6,"column":0},"end":{"line":6,"column":66}},"6":{"start":{"line":7,"column":0},"end":{"line":7,"column":0}},"7":{"start":{"line":8,"column":0},"end":{"line":8,"column":12}},"8":{"start":{"line":9,"column":0},"end":{"line":9,"column":20}},"9":{"start":{"line":10,"column":0},"end":{"line":10,"column":23}},"10":{"start":{"line":11,"column":0},"end":{"line":11,"column":21}},"11":{"start":{"line":12,"column":0},"end":{"line":12,"column":2}}},"s":{"0":0,"1":0,"2":0,"3":0,"4":0,"5":0,"6":0,"7":0,"8":0,"9":0,"10":0,"11":0},"branchMap":{"0":{"type":"branch","line":1,"loc":{"start":{"line":1,"column":0},"end":{"line":12,"column":2}},"locations":[{"start":{"line":1,"column":0},"end":{"line":12,"column":2}}]}},"b":{"0":[0]},"fnMap":{"0":{"name":"(empty-report)","decl":{"start":{"line":1,"column":0},"end":{"line":12,"column":2}},"loc":{"start":{"line":1,"column":0},"end":{"line":12,"column":2}},"line":1}},"f":{"0":0}}
,"C:\\Users\\linho\\Desktop\\CS 394\\GiftGuru\\src\\components\\bottomNavBar\\bottomNavBar.jsx": {"path":"C:\\Users\\linho\\Desktop\\CS 394\\GiftGuru\\src\\components\\bottomNavBar\\bottomNavBar.jsx","all":false,"statementMap":{"0":{"start":{"line":1,"column":0},"end":{"line":1,"column":26}},"1":{"start":{"line":2,"column":0},"end":{"line":2,"column":60}},"2":{"start":{"line":3,"column":0},"end":{"line":3,"column":68}},"3":{"start":{"line":4,"column":0},"end":{"line":4,"column":62}},"4":{"start":{"line":5,"column":0},"end":{"line":5,"column":76}},"5":{"start":{"line":6,"column":0},"end":{"line":6,"column":52}},"6":{"start":{"line":7,"column":0},"end":{"line":7,"column":52}},"7":{"start":{"line":8,"column":0},"end":{"line":8,"column":52}},"8":{"start":{"line":9,"column":0},"end":{"line":9,"column":60}},"9":{"start":{"line":10,"column":0},"end":{"line":10,"column":0}},"10":{"start":{"line":11,"column":0},"end":{"line":11,"column":28}},"11":{"start":{"line":12,"column":0},"end":{"line":12,"column":33}},"12":{"start":{"line":13,"column":0},"end":{"line":13,"column":33}},"13":{"start":{"line":14,"column":0},"end":{"line":14,"column":0}},"14":{"start":{"line":15,"column":0},"end":{"line":15,"column":55}},"15":{"start":{"line":16,"column":0},"end":{"line":16,"column":66}},"16":{"start":{"line":17,"column":0},"end":{"line":17,"column":61}},"17":{"start":{"line":18,"column":0},"end":{"line":18,"column":0}},"18":{"start":{"line":19,"column":0},"end":{"line":19,"column":10}},"19":{"start":{"line":20,"column":0},"end":{"line":20,"column":8}},"20":{"start":{"line":21,"column":0},"end":{"line":21,"column":11}},"21":{"start":{"line":22,"column":0},"end":{"line":22,"column":26}},"22":{"start":{"line":23,"column":0},"end":{"line":23,"column":18}},"23":{"start":{"line":24,"column":0},"end":{"line":24,"column":16}},"24":{"start":{"line":25,"column":0},"end":{"line":25,"column":17}},"25":{"start":{"line":26,"column":0},"end":{"line":26,"column":20}},"26":{"start":{"line":27,"column":0},"end":{"line":27,"column":23}},"27":{"start":{"line":28,"column":0},"end":{"line":28,"column":22}},"28":{"start":{"line":29,"column":0},"end":{"line":29,"column":24}},"29":{"start":{"line":30,"column":0},"end":{"line":30,"column":39}},"30":{"start":{"line":31,"column":0},"end":{"line":31,"column":29}},"31":{"start":{"line":32,"column":0},"end":{"line":32,"column":21}},"32":{"start":{"line":33,"column":0},"end":{"line":33,"column":35}},"33":{"start":{"line":34,"column":0},"end":{"line":34,"column":8}},"34":{"start":{"line":35,"column":0},"end":{"line":35,"column":5}},"35":{"start":{"line":36,"column":0},"end":{"line":36,"column":17}},"36":{"start":{"line":37,"column":0},"end":{"line":37,"column":13}},"37":{"start":{"line":38,"column":0},"end":{"line":38,"column":24}},"38":{"start":{"line":39,"column":0},"end":{"line":39,"column":25}},"39":{"start":{"line":40,"column":0},"end":{"line":40,"column":57}},"40":{"start":{"line":41,"column":0},"end":{"line":41,"column":68}},"41":{"start":{"line":42,"column":0},"end":{"line":42,"column":29}},"42":{"start":{"line":43,"column":0},"end":{"line":43,"column":12}},"43":{"start":{"line":44,"column":0},"end":{"line":44,"column":10}},"44":{"start":{"line":45,"column":0},"end":{"line":45,"column":41}},"45":{"start":{"line":46,"column":0},"end":{"line":46,"column":7}},"46":{"start":{"line":47,"column":0},"end":{"line":47,"column":12}},"47":{"start":{"line":48,"column":0},"end":{"line":48,"column":15}},"48":{"start":{"line":49,"column":0},"end":{"line":49,"column":28}},"49":{"start":{"line":50,"column":0},"end":{"line":50,"column":36}},"50":{"start":{"line":51,"column":0},"end":{"line":51,"column":33}},"51":{"start":{"line":52,"column":0},"end":{"line":52,"column":12}},"52":{"start":{"line":53,"column":0},"end":{"line":53,"column":9}},"53":{"start":{"line":54,"column":0},"end":{"line":54,"column":29}},"54":{"start":{"line":55,"column":0},"end":{"line":55,"column":77}},"55":{"start":{"line":56,"column":0},"end":{"line":56,"column":15}},"56":{"start":{"line":57,"column":0},"end":{"line":57,"column":65}},"57":{"start":{"line":58,"column":0},"end":{"line":58,"column":12}},"58":{"start":{"line":59,"column":0},"end":{"line":59,"column":14}},"59":{"start":{"line":60,"column":0},"end":{"line":60,"column":19}},"60":{"start":{"line":61,"column":0},"end":{"line":61,"column":0}},"61":{"start":{"line":62,"column":0},"end":{"line":62,"column":17}},"62":{"start":{"line":63,"column":0},"end":{"line":63,"column":13}},"63":{"start":{"line":64,"column":0},"end":{"line":64,"column":24}},"64":{"start":{"line":65,"column":0},"end":{"line":65,"column":25}},"65":{"start":{"line":66,"column":0},"end":{"line":66,"column":61}},"66":{"start":{"line":67,"column":0},"end":{"line":67,"column":68}},"67":{"start":{"line":68,"column":0},"end":{"line":68,"column":29}},"68":{"start":{"line":69,"column":0},"end":{"line":69,"column":12}},"69":{"start":{"line":70,"column":0},"end":{"line":70,"column":10}},"70":{"start":{"line":71,"column":0},"end":{"line":71,"column":47}},"71":{"start":{"line":72,"column":0},"end":{"line":72,"column":7}},"72":{"start":{"line":73,"column":0},"end":{"line":73,"column":12}},"73":{"start":{"line":74,"column":0},"end":{"line":74,"column":15}},"74":{"start":{"line":75,"column":0},"end":{"line":75,"column":28}},"75":{"start":{"line":76,"column":0},"end":{"line":76,"column":36}},"76":{"start":{"line":77,"column":0},"end":{"line":77,"column":33}},"77":{"start":{"line":78,"column":0},"end":{"line":78,"column":12}},"78":{"start":{"line":79,"column":0},"end":{"line":79,"column":9}},"79":{"start":{"line":80,"column":0},"end":{"line":80,"column":34}},"80":{"start":{"line":81,"column":0},"end":{"line":81,"column":65}},"81":{"start":{"line":82,"column":0},"end":{"line":82,"column":15}},"82":{"start":{"line":83,"column":0},"end":{"line":83,"column":65}},"83":{"start":{"line":84,"column":0},"end":{"line":84,"column":12}},"84":{"start":{"line":85,"column":0},"end":{"line":85,"column":14}},"85":{"start":{"line":86,"column":0},"end":{"line":86,"column":19}},"86":{"start":{"line":87,"column":0},"end":{"line":87,"column":0}},"87":{"start":{"line":88,"column":0},"end":{"line":88,"column":17}},"88":{"start":{"line":89,"column":0},"end":{"line":89,"column":13}},"89":{"start":{"line":90,"column":0},"end":{"line":90,"column":24}},"90":{"start":{"line":91,"column":0},"end":{"line":91,"column":25}},"91":{"start":{"line":92,"column":0},"end":{"line":92,"column":59}},"92":{"start":{"line":93,"column":0},"end":{"line":93,"column":68}},"93":{"start":{"line":94,"column":0},"end":{"line":94,"column":29}},"94":{"start":{"line":95,"column":0},"end":{"line":95,"column":12}},"95":{"start":{"line":96,"column":0},"end":{"line":96,"column":10}},"96":{"start":{"line":97,"column":0},"end":{"line":97,"column":44}},"97":{"start":{"line":98,"column":0},"end":{"line":98,"column":7}},"98":{"start":{"line":99,"column":0},"end":{"line":99,"column":12}},"99":{"start":{"line":100,"column":0},"end":{"line":100,"column":15}},"100":{"start":{"line":101,"column":0},"end":{"line":101,"column":28}},"101":{"start":{"line":102,"column":0},"end":{"line":102,"column":36}},"102":{"start":{"line":103,"column":0},"end":{"line":103,"column":33}},"103":{"start":{"line":104,"column":0},"end":{"line":104,"column":12}},"104":{"start":{"line":105,"column":0},"end":{"line":105,"column":9}},"105":{"start":{"line":106,"column":0},"end":{"line":106,"column":32}},"106":{"start":{"line":107,"column":0},"end":{"line":107,"column":70}},"107":{"start":{"line":108,"column":0},"end":{"line":108,"column":15}},"108":{"start":{"line":109,"column":0},"end":{"line":109,"column":73}},"109":{"start":{"line":110,"column":0},"end":{"line":110,"column":12}},"110":{"start":{"line":111,"column":0},"end":{"line":111,"column":14}},"111":{"start":{"line":112,"column":0},"end":{"line":112,"column":19}},"112":{"start":{"line":113,"column":0},"end":{"line":113,"column":10}},"113":{"start":{"line":114,"column":0},"end":{"line":114,"column":4}},"114":{"start":{"line":115,"column":0},"end":{"line":115,"column":2}},"115":{"start":{"line":116,"column":0},"end":{"line":116,"column":0}},"116":{"start":{"line":117,"column":0},"end":{"line":117,"column":28}}},"s":{"0":1,"1":1,"2":1,"3":1,"4":1,"5":1,"6":1,"7":1,"8":1,"9":1,"10":1,"11":1,"12":1,"13":1,"14":1,"15":1,"16":1,"17":1,"18":1,"19":1,"20":1,"21":1,"22":1,"23":1,"24":1,"25":1,"26":1,"27":1,"28":1,"29":1,"30":1,"31":1,"32":1,"33":1,"34":1,"35":1,"36":1,"37":1,"38":1,"39":1,"40":1,"41":1,"42":1,"43":1,"44":1,"45":1,"46":1,"47":1,"48":1,"49":1,"50":1,"51":1,"52":1,"53":1,"54":0,"55":1,"56":1,"57":1,"58":1,"59":1,"60":1,"61":1,"62":1,"63":1,"64":1,"65":1,"66":1,"67":1,"68":1,"69":1,"70":1,"71":1,"72":1,"73":1,"74":1,"75":1,"76":1,"77":1,"78":1,"79":1,"80":0,"81":1,"82":1,"83":1,"84":1,"85":1,"86":1,"87":1,"88":1,"89":1,"90":1,"91":1,"92":1,"93":1,"94":1,"95":1,"96":1,"97":1,"98":1,"99":1,"100":1,"101":1,"102":1,"103":1,"104":1,"105":1,"106":0,"107":1,"108":1,"109":1,"110":1,"111":1,"112":1,"113":1,"114":1,"115":1,"116":1},"branchMap":{"0":{"type":"branch","line":11,"loc":{"start":{"line":11,"column":21},"end":{"line":115,"column":2}},"locations":[{"start":{"line":11,"column":21},"end":{"line":115,"column":2}}]},"1":{"type":"branch","line":40,"loc":{"start":{"line":40,"column":17},"end":{"line":40,"column":46}},"locations":[{"start":{"line":40,"column":17},"end":{"line":40,"column":46}}]},"2":{"type":"branch","line":54,"loc":{"start":{"line":54,"column":11},"end":{"line":55,"column":77}},"locations":[{"start":{"line":54,"column":11},"end":{"line":55,"column":77}}]},"3":{"type":"branch","line":66,"loc":{"start":{"line":66,"column":17},"end":{"line":66,"column":51}},"locations":[{"start":{"line":66,"column":17},"end":{"line":66,"column":51}}]},"4":{"type":"branch","line":80,"loc":{"start":{"line":80,"column":11},"end":{"line":81,"column":65}},"locations":[{"start":{"line":80,"column":11},"end":{"line":81,"column":65}}]},"5":{"type":"branch","line":92,"loc":{"start":{"line":92,"column":17},"end":{"line":92,"column":49}},"locations":[{"start":{"line":92,"column":17},"end":{"line":92,"column":49}}]},"6":{"type":"branch","line":106,"loc":{"start":{"line":106,"column":11},"end":{"line":107,"column":70}},"locations":[{"start":{"line":106,"column":11},"end":{"line":107,"column":70}}]}},"b":{"0":[1],"1":[0],"2":[0],"3":[0],"4":[0],"5":[0],"6":[0]},"fnMap":{"0":{"name":"BottomNavbar","decl":{"start":{"line":11,"column":21},"end":{"line":115,"column":2}},"loc":{"start":{"line":11,"column":21},"end":{"line":115,"column":2}},"line":11},"1":{"name":"onClick","decl":{"start":{"line":45,"column":17},"end":{"line":45,"column":41}},"loc":{"start":{"line":45,"column":17},"end":{"line":45,"column":41}},"line":45},"2":{"name":"onClick","decl":{"start":{"line":71,"column":17},"end":{"line":71,"column":47}},"loc":{"start":{"line":71,"column":17},"end":{"line":71,"column":47}},"line":71},"3":{"name":"onClick","decl":{"start":{"line":97,"column":17},"end":{"line":97,"column":44}},"loc":{"start":{"line":97,"column":17},"end":{"line":97,"column":44}},"line":97}},"f":{"0":1,"1":0,"2":0,"3":0}}
,"C:\\Users\\linho\\Desktop\\CS 394\\GiftGuru\\src\\components\\dropZone\\dropZone.jsx": {"path":"C:\\Users\\linho\\Desktop\\CS 394\\GiftGuru\\src\\components\\dropZone\\dropZone.jsx","all":false,"statementMap":{"0":{"start":{"line":1,"column":0},"end":{"line":1,"column":64}},"1":{"start":{"line":2,"column":0},"end":{"line":2,"column":45}},"2":{"start":{"line":3,"column":0},"end":{"line":3,"column":50}},"3":{"start":{"line":4,"column":0},"end":{"line":4,"column":74}},"4":{"start":{"line":5,"column":0},"end":{"line":5,"column":72}},"5":{"start":{"line":6,"column":0},"end":{"line":6,"column":66}},"6":{"start":{"line":7,"column":0},"end":{"line":7,"column":0}},"7":{"start":{"line":8,"column":0},"end":{"line":8,"column":19}},"8":{"start":{"line":9,"column":0},"end":{"line":9,"column":18}},"9":{"start":{"line":10,"column":0},"end":{"line":10,"column":40}},"10":{"start":{"line":11,"column":0},"end":{"line":11,"column":14}},"11":{"start":{"line":12,"column":0},"end":{"line":12,"column":2}},"12":{"start":{"line":13,"column":0},"end":{"line":13,"column":0}},"13":{"start":{"line":14,"column":0},"end":{"line":14,"column":20}},"14":{"start":{"line":15,"column":0},"end":{"line":15,"column":18}},"15":{"start":{"line":16,"column":0},"end":{"line":16,"column":27}},"16":{"start":{"line":17,"column":0},"end":{"line":17,"column":23}},"17":{"start":{"line":18,"column":0},"end":{"line":18,"column":30}},"18":{"start":{"line":19,"column":0},"end":{"line":19,"column":22}},"19":{"start":{"line":20,"column":0},"end":{"line":20,"column":18}},"20":{"start":{"line":21,"column":0},"end":{"line":21,"column":29}},"21":{"start":{"line":22,"column":0},"end":{"line":22,"column":23}},"22":{"start":{"line":23,"column":0},"end":{"line":23,"column":2}},"23":{"start":{"line":24,"column":0},"end":{"line":24,"column":0}},"24":{"start":{"line":25,"column":0},"end":{"line":25,"column":55}},"25":{"start":{"line":26,"column":0},"end":{"line":26,"column":41}},"26":{"start":{"line":27,"column":0},"end":{"line":27,"column":29}},"27":{"start":{"line":28,"column":0},"end":{"line":28,"column":24}},"28":{"start":{"line":29,"column":0},"end":{"line":29,"column":50}},"29":{"start":{"line":30,"column":0},"end":{"line":30,"column":20}},"30":{"start":{"line":31,"column":0},"end":{"line":31,"column":75}},"31":{"start":{"line":32,"column":0},"end":{"line":32,"column":8}},"32":{"start":{"line":33,"column":0},"end":{"line":33,"column":42}},"33":{"start":{"line":34,"column":0},"end":{"line":34,"column":36}},"34":{"start":{"line":35,"column":0},"end":{"line":35,"column":22}},"35":{"start":{"line":36,"column":0},"end":{"line":36,"column":31}},"36":{"start":{"line":37,"column":0},"end":{"line":37,"column":47}},"37":{"start":{"line":38,"column":0},"end":{"line":38,"column":12}},"38":{"start":{"line":39,"column":0},"end":{"line":39,"column":10}},"39":{"start":{"line":40,"column":0},"end":{"line":40,"column":0}},"40":{"start":{"line":41,"column":0},"end":{"line":41,"column":64}},"41":{"start":{"line":42,"column":0},"end":{"line":42,"column":41}},"42":{"start":{"line":43,"column":0},"end":{"line":43,"column":6}},"43":{"start":{"line":44,"column":0},"end":{"line":44,"column":31}},"44":{"start":{"line":45,"column":0},"end":{"line":45,"column":4}},"45":{"start":{"line":46,"column":0},"end":{"line":46,"column":0}},"46":{"start":{"line":47,"column":0},"end":{"line":47,"column":43}},"47":{"start":{"line":48,"column":0},"end":{"line":48,"column":28}},"48":{"start":{"line":49,"column":0},"end":{"line":49,"column":27}},"49":{"start":{"line":50,"column":0},"end":{"line":50,"column":34}},"50":{"start":{"line":51,"column":0},"end":{"line":51,"column":37}},"51":{"start":{"line":52,"column":0},"end":{"line":52,"column":44}},"52":{"start":{"line":53,"column":0},"end":{"line":53,"column":23}},"53":{"start":{"line":54,"column":0},"end":{"line":54,"column":9}},"54":{"start":{"line":55,"column":0},"end":{"line":55,"column":20}},"55":{"start":{"line":56,"column":0},"end":{"line":56,"column":8}},"56":{"start":{"line":57,"column":0},"end":{"line":57,"column":6}},"57":{"start":{"line":58,"column":0},"end":{"line":58,"column":4}},"58":{"start":{"line":59,"column":0},"end":{"line":59,"column":0}},"59":{"start":{"line":60,"column":0},"end":{"line":60,"column":12}},"60":{"start":{"line":61,"column":0},"end":{"line":61,"column":17}},"61":{"start":{"line":62,"column":0},"end":{"line":62,"column":65}},"62":{"start":{"line":63,"column":0},"end":{"line":63,"column":6}},"63":{"start":{"line":64,"column":0},"end":{"line":64,"column":11}},"64":{"start":{"line":65,"column":0},"end":{"line":65,"column":4}},"65":{"start":{"line":66,"column":0},"end":{"line":66,"column":0}},"66":{"start":{"line":67,"column":0},"end":{"line":67,"column":69}},"67":{"start":{"line":68,"column":0},"end":{"line":68,"column":11}},"68":{"start":{"line":69,"column":0},"end":{"line":69,"column":22}},"69":{"start":{"line":70,"column":0},"end":{"line":70,"column":17}},"70":{"start":{"line":71,"column":0},"end":{"line":71,"column":19}},"71":{"start":{"line":72,"column":0},"end":{"line":72,"column":32}},"72":{"start":{"line":73,"column":0},"end":{"line":73,"column":35}},"73":{"start":{"line":74,"column":0},"end":{"line":74,"column":5}},"74":{"start":{"line":75,"column":0},"end":{"line":75,"column":0}},"75":{"start":{"line":76,"column":0},"end":{"line":76,"column":38}},"76":{"start":{"line":77,"column":0},"end":{"line":77,"column":44}},"77":{"start":{"line":78,"column":0},"end":{"line":78,"column":10}},"78":{"start":{"line":79,"column":0},"end":{"line":79,"column":26}},"79":{"start":{"line":80,"column":0},"end":{"line":80,"column":23}},"80":{"start":{"line":81,"column":0},"end":{"line":81,"column":75}},"81":{"start":{"line":82,"column":0},"end":{"line":82,"column":8}},"82":{"start":{"line":83,"column":0},"end":{"line":83,"column":17}},"83":{"start":{"line":84,"column":0},"end":{"line":84,"column":57}},"84":{"start":{"line":85,"column":0},"end":{"line":85,"column":16}},"85":{"start":{"line":86,"column":0},"end":{"line":86,"column":31}},"86":{"start":{"line":87,"column":0},"end":{"line":87,"column":17}},"87":{"start":{"line":88,"column":0},"end":{"line":88,"column":19}},"88":{"start":{"line":89,"column":0},"end":{"line":89,"column":20}},"89":{"start":{"line":90,"column":0},"end":{"line":90,"column":24}},"90":{"start":{"line":91,"column":0},"end":{"line":91,"column":27}},"91":{"start":{"line":92,"column":0},"end":{"line":92,"column":10}},"92":{"start":{"line":93,"column":0},"end":{"line":93,"column":7}},"93":{"start":{"line":94,"column":0},"end":{"line":94,"column":29}},"94":{"start":{"line":95,"column":0},"end":{"line":95,"column":19}},"95":{"start":{"line":96,"column":0},"end":{"line":96,"column":10}},"96":{"start":{"line":97,"column":0},"end":{"line":97,"column":5}},"97":{"start":{"line":98,"column":0},"end":{"line":98,"column":0}},"98":{"start":{"line":99,"column":0},"end":{"line":99,"column":10}},"99":{"start":{"line":100,"column":0},"end":{"line":100,"column":8}},"100":{"start":{"line":101,"column":0},"end":{"line":101,"column":25}},"101":{"start":{"line":102,"column":0},"end":{"line":102,"column":14}},"102":{"start":{"line":103,"column":0},"end":{"line":103,"column":37}},"103":{"start":{"line":104,"column":0},"end":{"line":104,"column":24}},"104":{"start":{"line":105,"column":0},"end":{"line":105,"column":28}},"105":{"start":{"line":106,"column":0},"end":{"line":106,"column":29}},"106":{"start":{"line":107,"column":0},"end":{"line":107,"column":31}},"107":{"start":{"line":108,"column":0},"end":{"line":108,"column":35}},"108":{"start":{"line":109,"column":0},"end":{"line":109,"column":8}},"109":{"start":{"line":110,"column":0},"end":{"line":110,"column":5}},"110":{"start":{"line":111,"column":0},"end":{"line":111,"column":36}},"111":{"start":{"line":112,"column":0},"end":{"line":112,"column":46}},"112":{"start":{"line":113,"column":0},"end":{"line":113,"column":10}},"113":{"start":{"line":114,"column":0},"end":{"line":114,"column":32}},"114":{"start":{"line":115,"column":0},"end":{"line":115,"column":58}},"115":{"start":{"line":116,"column":0},"end":{"line":116,"column":12}},"116":{"start":{"line":117,"column":0},"end":{"line":117,"column":62}},"117":{"start":{"line":118,"column":0},"end":{"line":118,"column":34}},"118":{"start":{"line":119,"column":0},"end":{"line":119,"column":14}},"119":{"start":{"line":120,"column":0},"end":{"line":120,"column":11}},"120":{"start":{"line":121,"column":0},"end":{"line":121,"column":11}},"121":{"start":{"line":122,"column":0},"end":{"line":122,"column":31}},"122":{"start":{"line":123,"column":0},"end":{"line":123,"column":18}},"123":{"start":{"line":124,"column":0},"end":{"line":124,"column":33}},"124":{"start":{"line":125,"column":0},"end":{"line":125,"column":36}},"125":{"start":{"line":126,"column":0},"end":{"line":126,"column":35}},"126":{"start":{"line":127,"column":0},"end":{"line":127,"column":62}},"127":{"start":{"line":128,"column":0},"end":{"line":128,"column":16}},"128":{"start":{"line":129,"column":0},"end":{"line":129,"column":18}},"129":{"start":{"line":130,"column":0},"end":{"line":130,"column":12}},"130":{"start":{"line":131,"column":0},"end":{"line":131,"column":14}},"131":{"start":{"line":132,"column":0},"end":{"line":132,"column":8}},"132":{"start":{"line":133,"column":0},"end":{"line":133,"column":10}},"133":{"start":{"line":134,"column":0},"end":{"line":134,"column":4}},"134":{"start":{"line":135,"column":0},"end":{"line":135,"column":2}},"135":{"start":{"line":136,"column":0},"end":{"line":136,"column":0}},"136":{"start":{"line":137,"column":0},"end":{"line":137,"column":35}}},"s":{"0":1,"1":1,"2":1,"3":1,"4":1,"5":1,"6":1,"7":1,"8":1,"9":1,"10":1,"11":1,"12":1,"13":1,"14":1,"15":1,"16":1,"17":1,"18":1,"19":1,"20":1,"21":1,"22":1,"23":1,"24":1,"25":1,"26":1,"27":1,"28":0,"29":0,"30":0,"31":0,"32":0,"33":0,"34":0,"35":0,"36":0,"37":0,"38":0,"39":0,"40":0,"41":0,"42":0,"43":1,"44":1,"45":1,"46":1,"47":0,"48":0,"49":0,"50":0,"51":0,"52":0,"53":0,"54":0,"55":0,"56":0,"57":0,"58":1,"59":1,"60":1,"61":1,"62":1,"63":1,"64":1,"65":1,"66":1,"67":1,"68":1,"69":1,"70":1,"71":1,"72":1,"73":1,"74":1,"75":1,"76":0,"77":0,"78":0,"79":0,"80":0,"81":0,"82":0,"83":0,"84":0,"85":0,"86":0,"87":0,"88":0,"89":0,"90":0,"91":0,"92":0,"93":0,"94":0,"95":0,"96":1,"97":1,"98":1,"99":1,"100":1,"101":1,"102":1,"103":1,"104":1,"105":1,"106":1,"107":1,"108":1,"109":1,"110":1,"111":1,"112":1,"113":1,"114":1,"115":1,"116":1,"117":1,"118":1,"119":1,"120":0,"121":0,"122":0,"123":0,"124":0,"125":0,"126":0,"127":0,"128":0,"129":0,"130":0,"131":1,"132":1,"133":1,"134":1,"135":1,"136":1},"branchMap":{"0":{"type":"branch","line":25,"loc":{"start":{"line":25,"column":28},"end":{"line":135,"column":2}},"locations":[{"start":{"line":25,"column":28},"end":{"line":135,"column":2}}]},"1":{"type":"branch","line":120,"loc":{"start":{"line":120,"column":8},"end":{"line":131,"column":14}},"locations":[{"start":{"line":120,"column":8},"end":{"line":131,"column":14}}]},"2":{"type":"branch","line":61,"loc":{"start":{"line":61,"column":4},"end":{"line":63,"column":6}},"locations":[{"start":{"line":61,"column":4},"end":{"line":63,"column":6}}]},"3":{"type":"branch","line":61,"loc":{"start":{"line":61,"column":10},"end":{"line":63,"column":6}},"locations":[{"start":{"line":61,"column":10},"end":{"line":63,"column":6}}]}},"b":{"0":[1],"1":[0],"2":[1],"3":[1]},"fnMap":{"0":{"name":"DropzoneAreaExample","decl":{"start":{"line":25,"column":28},"end":{"line":135,"column":2}},"loc":{"start":{"line":25,"column":28},"end":{"line":135,"column":2}},"line":25},"1":{"name":"removeFile","decl":{"start":{"line":47,"column":21},"end":{"line":58,"column":4}},"loc":{"start":{"line":47,"column":21},"end":{"line":58,"column":4}},"line":47}},"f":{"0":1,"1":0}}
,"C:\\Users\\linho\\Desktop\\CS 394\\GiftGuru\\src\\components\\dropZone\\uploader.jsx": {"path":"C:\\Users\\linho\\Desktop\\CS 394\\GiftGuru\\src\\components\\dropZone\\uploader.jsx","all":true,"statementMap":{"0":{"start":{"line":1,"column":0},"end":{"line":1,"column":48}},"1":{"start":{"line":2,"column":0},"end":{"line":2,"column":46}},"2":{"start":{"line":3,"column":0},"end":{"line":3,"column":0}},"3":{"start":{"line":4,"column":0},"end":{"line":4,"column":0}},"4":{"start":{"line":5,"column":0},"end":{"line":5,"column":26}},"5":{"start":{"line":6,"column":0},"end":{"line":6,"column":49}},"6":{"start":{"line":7,"column":0},"end":{"line":7,"column":86}},"7":{"start":{"line":8,"column":0},"end":{"line":8,"column":2}},"8":{"start":{"line":9,"column":0},"end":{"line":9,"column":48}},"9":{"start":{"line":10,"column":0},"end":{"line":10,"column":92}},"10":{"start":{"line":11,"column":0},"end":{"line":11,"column":2}},"11":{"start":{"line":12,"column":0},"end":{"line":12,"column":82}},"12":{"start":{"line":13,"column":0},"end":{"line":13,"column":45}},"13":{"start":{"line":14,"column":0},"end":{"line":14,"column":39}},"14":{"start":{"line":15,"column":0},"end":{"line":15,"column":37}},"15":{"start":{"line":16,"column":0},"end":{"line":16,"column":3}},"16":{"start":{"line":17,"column":0},"end":{"line":17,"column":0}},"17":{"start":{"line":18,"column":0},"end":{"line":18,"column":10}},"18":{"start":{"line":19,"column":0},"end":{"line":19,"column":13}},"19":{"start":{"line":20,"column":0},"end":{"line":20,"column":39}},"20":{"start":{"line":21,"column":0},"end":{"line":21,"column":41}},"21":{"start":{"line":22,"column":0},"end":{"line":22,"column":29}},"22":{"start":{"line":23,"column":0},"end":{"line":23,"column":38}},"23":{"start":{"line":24,"column":0},"end":{"line":24,"column":6}},"24":{"start":{"line":25,"column":0},"end":{"line":25,"column":3}},"25":{"start":{"line":26,"column":0},"end":{"line":26,"column":1}},"26":{"start":{"line":27,"column":0},"end":{"line":27,"column":0}},"27":{"start":{"line":28,"column":0},"end":{"line":28,"column":26}}},"s":{"0":0,"1":0,"2":0,"3":0,"4":0,"5":0,"6":0,"7":0,"8":0,"9":0,"10":0,"11":0,"12":0,"13":0,"14":0,"15":0,"16":0,"17":0,"18":0,"19":0,"20":0,"21":0,"22":0,"23":0,"24":0,"25":0,"26":0,"27":0},"branchMap":{"0":{"type":"branch","line":1,"loc":{"start":{"line":1,"column":0},"end":{"line":28,"column":26}},"locations":[{"start":{"line":1,"column":0},"end":{"line":28,"column":26}}]}},"b":{"0":[0]},"fnMap":{"0":{"name":"(empty-report)","decl":{"start":{"line":1,"column":0},"end":{"line":28,"column":26}},"loc":{"start":{"line":1,"column":0},"end":{"line":28,"column":26}},"line":1}},"f":{"0":0}}
,"C:\\Users\\linho\\Desktop\\CS 394\\GiftGuru\\src\\components\\header\\header.jsx": {"path":"C:\\Users\\linho\\Desktop\\CS 394\\GiftGuru\\src\\components\\header\\header.jsx","all":false,"statementMap":{"0":{"start":{"line":1,"column":0},"end":{"line":1,"column":26}},"1":{"start":{"line":2,"column":0},"end":{"line":2,"column":60}},"2":{"start":{"line":3,"column":0},"end":{"line":3,"column":58}},"3":{"start":{"line":4,"column":0},"end":{"line":4,"column":45}},"4":{"start":{"line":5,"column":0},"end":{"line":5,"column":60}},"5":{"start":{"line":6,"column":0},"end":{"line":6,"column":22}},"6":{"start":{"line":7,"column":0},"end":{"line":7,"column":0}},"7":{"start":{"line":8,"column":0},"end":{"line":8,"column":22}},"8":{"start":{"line":9,"column":0},"end":{"line":9,"column":33}},"9":{"start":{"line":10,"column":0},"end":{"line":10,"column":33}},"10":{"start":{"line":11,"column":0},"end":{"line":11,"column":0}},"11":{"start":{"line":12,"column":0},"end":{"line":12,"column":28}},"12":{"start":{"line":13,"column":0},"end":{"line":13,"column":69}},"13":{"start":{"line":14,"column":0},"end":{"line":14,"column":89}},"14":{"start":{"line":15,"column":0},"end":{"line":15,"column":108}},"15":{"start":{"line":16,"column":0},"end":{"line":16,"column":4}},"16":{"start":{"line":17,"column":0},"end":{"line":17,"column":0}},"17":{"start":{"line":18,"column":0},"end":{"line":18,"column":10}},"18":{"start":{"line":19,"column":0},"end":{"line":19,"column":11}},"19":{"start":{"line":20,"column":0},"end":{"line":20,"column":22}},"20":{"start":{"line":21,"column":0},"end":{"line":21,"column":11}},"21":{"start":{"line":22,"column":0},"end":{"line":22,"column":15}},"22":{"start":{"line":23,"column":0},"end":{"line":23,"column":63}},"23":{"start":{"line":24,"column":0},"end":{"line":24,"column":23}},"24":{"start":{"line":25,"column":0},"end":{"line":25,"column":8}},"25":{"start":{"line":26,"column":0},"end":{"line":26,"column":5}},"26":{"start":{"line":27,"column":0},"end":{"line":27,"column":65}},"27":{"start":{"line":28,"column":0},"end":{"line":28,"column":53}},"28":{"start":{"line":29,"column":0},"end":{"line":29,"column":59}},"29":{"start":{"line":30,"column":0},"end":{"line":30,"column":66}},"30":{"start":{"line":31,"column":0},"end":{"line":31,"column":21}},"31":{"start":{"line":32,"column":0},"end":{"line":32,"column":24}},"32":{"start":{"line":33,"column":0},"end":{"line":33,"column":29}},"33":{"start":{"line":34,"column":0},"end":{"line":34,"column":32}},"34":{"start":{"line":35,"column":0},"end":{"line":35,"column":51}},"35":{"start":{"line":36,"column":0},"end":{"line":36,"column":11}},"36":{"start":{"line":37,"column":0},"end":{"line":37,"column":70}},"37":{"start":{"line":38,"column":0},"end":{"line":38,"column":23}},"38":{"start":{"line":39,"column":0},"end":{"line":39,"column":10}},"39":{"start":{"line":40,"column":0},"end":{"line":40,"column":51}},"40":{"start":{"line":41,"column":0},"end":{"line":41,"column":66}},"41":{"start":{"line":42,"column":0},"end":{"line":42,"column":50}},"42":{"start":{"line":43,"column":0},"end":{"line":43,"column":21}},"43":{"start":{"line":44,"column":0},"end":{"line":44,"column":16}},"44":{"start":{"line":45,"column":0},"end":{"line":45,"column":13}},"45":{"start":{"line":46,"column":0},"end":{"line":46,"column":4}},"46":{"start":{"line":47,"column":0},"end":{"line":47,"column":2}},"47":{"start":{"line":48,"column":0},"end":{"line":48,"column":0}},"48":{"start":{"line":49,"column":0},"end":{"line":49,"column":22}}},"s":{"0":1,"1":1,"2":1,"3":1,"4":1,"5":1,"6":1,"7":1,"8":1,"9":1,"10":1,"11":1,"12":0,"13":0,"14":0,"15":0,"16":1,"17":1,"18":1,"19":1,"20":1,"21":1,"22":1,"23":1,"24":1,"25":1,"26":1,"27":1,"28":1,"29":1,"30":0,"31":0,"32":0,"33":0,"34":0,"35":0,"36":0,"37":0,"38":1,"39":1,"40":1,"41":1,"42":1,"43":1,"44":1,"45":1,"46":1,"47":1,"48":1},"branchMap":{"0":{"type":"branch","line":8,"loc":{"start":{"line":8,"column":15},"end":{"line":47,"column":2}},"locations":[{"start":{"line":8,"column":15},"end":{"line":47,"column":2}}]},"1":{"type":"branch","line":30,"loc":{"start":{"line":30,"column":32},"end":{"line":38,"column":23}},"locations":[{"start":{"line":30,"column":32},"end":{"line":38,"column":23}}]}},"b":{"0":[1],"1":[0]},"fnMap":{"0":{"name":"Header","decl":{"start":{"line":8,"column":15},"end":{"line":47,"column":2}},"loc":{"start":{"line":8,"column":15},"end":{"line":47,"column":2}},"line":8},"1":{"name":"handleBack","decl":{"start":{"line":12,"column":21},"end":{"line":16,"column":4}},"loc":{"start":{"line":12,"column":21},"end":{"line":16,"column":4}},"line":12}},"f":{"0":1,"1":0}}
,"C:\\Users\\linho\\Desktop\\CS 394\\GiftGuru\\src\\components\\homePage\\homePage.jsx": {"path":"C:\\Users\\linho\\Desktop\\CS 394\\GiftGuru\\src\\components\\homePage\\homePage.jsx","all":false,"statementMap":{"0":{"start":{"line":1,"column":0},"end":{"line":1,"column":51}},"1":{"start":{"line":2,"column":0},"end":{"line":2,"column":26}},"2":{"start":{"line":3,"column":0},"end":{"line":3,"column":24}},"3":{"start":{"line":4,"column":0},"end":{"line":4,"column":8}},"4":{"start":{"line":5,"column":0},"end":{"line":5,"column":9}},"5":{"start":{"line":6,"column":0},"end":{"line":6,"column":8}},"6":{"start":{"line":7,"column":0},"end":{"line":7,"column":9}},"7":{"start":{"line":8,"column":0},"end":{"line":8,"column":13}},"8":{"start":{"line":9,"column":0},"end":{"line":9,"column":11}},"9":{"start":{"line":10,"column":0},"end":{"line":10,"column":14}},"10":{"start":{"line":11,"column":0},"end":{"line":11,"column":6}},"11":{"start":{"line":12,"column":0},"end":{"line":12,"column":12}},"12":{"start":{"line":13,"column":0},"end":{"line":13,"column":9}},"13":{"start":{"line":14,"column":0},"end":{"line":14,"column":13}},"14":{"start":{"line":15,"column":0},"end":{"line":15,"column":12}},"15":{"start":{"line":16,"column":0},"end":{"line":16,"column":10}},"16":{"start":{"line":17,"column":0},"end":{"line":17,"column":23}},"17":{"start":{"line":18,"column":0},"end":{"line":18,"column":44}},"18":{"start":{"line":19,"column":0},"end":{"line":19,"column":55}},"19":{"start":{"line":20,"column":0},"end":{"line":20,"column":56}},"20":{"start":{"line":21,"column":0},"end":{"line":21,"column":38}},"21":{"start":{"line":22,"column":0},"end":{"line":22,"column":60}},"22":{"start":{"line":23,"column":0},"end":{"line":23,"column":64}},"23":{"start":{"line":24,"column":0},"end":{"line":24,"column":67}},"24":{"start":{"line":25,"column":0},"end":{"line":25,"column":0}},"25":{"start":{"line":26,"column":0},"end":{"line":26,"column":33}},"26":{"start":{"line":27,"column":0},"end":{"line":27,"column":9}},"27":{"start":{"line":28,"column":0},"end":{"line":28,"column":14}},"28":{"start":{"line":29,"column":0},"end":{"line":29,"column":11}},"29":{"start":{"line":30,"column":0},"end":{"line":30,"column":20}},"30":{"start":{"line":31,"column":0},"end":{"line":31,"column":14}},"31":{"start":{"line":32,"column":0},"end":{"line":32,"column":10}},"32":{"start":{"line":33,"column":0},"end":{"line":33,"column":6}},"33":{"start":{"line":34,"column":0},"end":{"line":34,"column":35}},"34":{"start":{"line":35,"column":0},"end":{"line":35,"column":27}},"35":{"start":{"line":36,"column":0},"end":{"line":36,"column":36}},"36":{"start":{"line":37,"column":0},"end":{"line":37,"column":5}},"37":{"start":{"line":38,"column":0},"end":{"line":38,"column":47}},"38":{"start":{"line":39,"column":0},"end":{"line":39,"column":41}},"39":{"start":{"line":40,"column":0},"end":{"line":40,"column":59}},"40":{"start":{"line":41,"column":0},"end":{"line":41,"column":47}},"41":{"start":{"line":42,"column":0},"end":{"line":42,"column":41}},"42":{"start":{"line":43,"column":0},"end":{"line":43,"column":0}},"43":{"start":{"line":44,"column":0},"end":{"line":44,"column":7}},"44":{"start":{"line":45,"column":0},"end":{"line":45,"column":80}},"45":{"start":{"line":46,"column":0},"end":{"line":46,"column":16}},"46":{"start":{"line":47,"column":0},"end":{"line":47,"column":46}},"47":{"start":{"line":48,"column":0},"end":{"line":48,"column":8}},"48":{"start":{"line":49,"column":0},"end":{"line":49,"column":7}},"49":{"start":{"line":50,"column":0},"end":{"line":50,"column":31}},"50":{"start":{"line":51,"column":0},"end":{"line":51,"column":21}},"51":{"start":{"line":52,"column":0},"end":{"line":52,"column":18}},"52":{"start":{"line":53,"column":0},"end":{"line":53,"column":60}},"53":{"start":{"line":54,"column":0},"end":{"line":54,"column":18}},"54":{"start":{"line":55,"column":0},"end":{"line":55,"column":22}},"55":{"start":{"line":56,"column":0},"end":{"line":56,"column":16}},"56":{"start":{"line":57,"column":0},"end":{"line":57,"column":17}},"57":{"start":{"line":58,"column":0},"end":{"line":58,"column":23}},"58":{"start":{"line":59,"column":0},"end":{"line":59,"column":3}},"59":{"start":{"line":60,"column":0},"end":{"line":60,"column":2}},"60":{"start":{"line":61,"column":0},"end":{"line":61,"column":0}},"61":{"start":{"line":62,"column":0},"end":{"line":62,"column":79}},"62":{"start":{"line":63,"column":0},"end":{"line":63,"column":10}},"63":{"start":{"line":64,"column":0},"end":{"line":64,"column":80}},"64":{"start":{"line":65,"column":0},"end":{"line":65,"column":14}},"65":{"start":{"line":66,"column":0},"end":{"line":66,"column":18}},"66":{"start":{"line":67,"column":0},"end":{"line":67,"column":18}},"67":{"start":{"line":68,"column":0},"end":{"line":68,"column":16}},"68":{"start":{"line":69,"column":0},"end":{"line":69,"column":10}},"69":{"start":{"line":70,"column":0},"end":{"line":70,"column":30}},"70":{"start":{"line":71,"column":0},"end":{"line":71,"column":20}},"71":{"start":{"line":72,"column":0},"end":{"line":72,"column":26}},"72":{"start":{"line":73,"column":0},"end":{"line":73,"column":6}},"73":{"start":{"line":74,"column":0},"end":{"line":74,"column":25}},"74":{"start":{"line":75,"column":0},"end":{"line":75,"column":2}},"75":{"start":{"line":76,"column":0},"end":{"line":76,"column":0}},"76":{"start":{"line":77,"column":0},"end":{"line":77,"column":26}},"77":{"start":{"line":78,"column":0},"end":{"line":78,"column":33}},"78":{"start":{"line":79,"column":0},"end":{"line":79,"column":33}},"79":{"start":{"line":80,"column":0},"end":{"line":80,"column":0}},"80":{"start":{"line":81,"column":0},"end":{"line":81,"column":32}},"81":{"start":{"line":82,"column":0},"end":{"line":82,"column":0}},"82":{"start":{"line":83,"column":0},"end":{"line":83,"column":51}},"83":{"start":{"line":84,"column":0},"end":{"line":84,"column":49}},"84":{"start":{"line":85,"column":0},"end":{"line":85,"column":68}},"85":{"start":{"line":86,"column":0},"end":{"line":86,"column":71}},"86":{"start":{"line":87,"column":0},"end":{"line":87,"column":41}},"87":{"start":{"line":88,"column":0},"end":{"line":88,"column":37}},"88":{"start":{"line":89,"column":0},"end":{"line":89,"column":30}},"89":{"start":{"line":90,"column":0},"end":{"line":90,"column":33}},"90":{"start":{"line":91,"column":0},"end":{"line":91,"column":37}},"91":{"start":{"line":92,"column":0},"end":{"line":92,"column":12}},"92":{"start":{"line":93,"column":0},"end":{"line":93,"column":26}},"93":{"start":{"line":94,"column":0},"end":{"line":94,"column":34}},"94":{"start":{"line":95,"column":0},"end":{"line":95,"column":46}},"95":{"start":{"line":96,"column":0},"end":{"line":96,"column":5}},"96":{"start":{"line":97,"column":0},"end":{"line":97,"column":4}},"97":{"start":{"line":98,"column":0},"end":{"line":98,"column":0}},"98":{"start":{"line":99,"column":0},"end":{"line":99,"column":49}},"99":{"start":{"line":100,"column":0},"end":{"line":100,"column":44}},"100":{"start":{"line":101,"column":0},"end":{"line":101,"column":58}},"101":{"start":{"line":102,"column":0},"end":{"line":102,"column":4}},"102":{"start":{"line":103,"column":0},"end":{"line":103,"column":66}},"103":{"start":{"line":104,"column":0},"end":{"line":104,"column":51}},"104":{"start":{"line":105,"column":0},"end":{"line":105,"column":42}},"105":{"start":{"line":106,"column":0},"end":{"line":106,"column":31}},"106":{"start":{"line":107,"column":0},"end":{"line":107,"column":5}},"107":{"start":{"line":108,"column":0},"end":{"line":108,"column":4}},"108":{"start":{"line":109,"column":0},"end":{"line":109,"column":0}},"109":{"start":{"line":110,"column":0},"end":{"line":110,"column":53}},"110":{"start":{"line":111,"column":0},"end":{"line":111,"column":38}},"111":{"start":{"line":112,"column":0},"end":{"line":112,"column":36}},"112":{"start":{"line":113,"column":0},"end":{"line":113,"column":4}},"113":{"start":{"line":114,"column":0},"end":{"line":114,"column":0}},"114":{"start":{"line":115,"column":0},"end":{"line":115,"column":71}},"115":{"start":{"line":116,"column":0},"end":{"line":116,"column":47}},"116":{"start":{"line":117,"column":0},"end":{"line":117,"column":45}},"117":{"start":{"line":118,"column":0},"end":{"line":118,"column":4}},"118":{"start":{"line":119,"column":0},"end":{"line":119,"column":0}},"119":{"start":{"line":120,"column":0},"end":{"line":120,"column":53}},"120":{"start":{"line":121,"column":0},"end":{"line":121,"column":41}},"121":{"start":{"line":122,"column":0},"end":{"line":122,"column":39}},"122":{"start":{"line":123,"column":0},"end":{"line":123,"column":4}},"123":{"start":{"line":124,"column":0},"end":{"line":124,"column":0}},"124":{"start":{"line":125,"column":0},"end":{"line":125,"column":47}},"125":{"start":{"line":126,"column":0},"end":{"line":126,"column":43}},"126":{"start":{"line":127,"column":0},"end":{"line":127,"column":0}},"127":{"start":{"line":128,"column":0},"end":{"line":128,"column":48}},"128":{"start":{"line":129,"column":0},"end":{"line":129,"column":59}},"129":{"start":{"line":130,"column":0},"end":{"line":130,"column":42}},"130":{"start":{"line":131,"column":0},"end":{"line":131,"column":21}},"131":{"start":{"line":132,"column":0},"end":{"line":132,"column":41}},"132":{"start":{"line":133,"column":0},"end":{"line":133,"column":13}},"133":{"start":{"line":134,"column":0},"end":{"line":134,"column":18}},"134":{"start":{"line":135,"column":0},"end":{"line":135,"column":15}},"135":{"start":{"line":136,"column":0},"end":{"line":136,"column":24}},"136":{"start":{"line":137,"column":0},"end":{"line":137,"column":18}},"137":{"start":{"line":138,"column":0},"end":{"line":138,"column":14}},"138":{"start":{"line":139,"column":0},"end":{"line":139,"column":6}},"139":{"start":{"line":140,"column":0},"end":{"line":140,"column":60}},"140":{"start":{"line":141,"column":0},"end":{"line":141,"column":11}},"141":{"start":{"line":142,"column":0},"end":{"line":142,"column":21}},"142":{"start":{"line":143,"column":0},"end":{"line":143,"column":21}},"143":{"start":{"line":144,"column":0},"end":{"line":144,"column":17}},"144":{"start":{"line":145,"column":0},"end":{"line":145,"column":6}},"145":{"start":{"line":146,"column":0},"end":{"line":146,"column":22}},"146":{"start":{"line":147,"column":0},"end":{"line":147,"column":34}},"147":{"start":{"line":148,"column":0},"end":{"line":148,"column":14}},"148":{"start":{"line":149,"column":0},"end":{"line":149,"column":40}},"149":{"start":{"line":150,"column":0},"end":{"line":150,"column":20}},"150":{"start":{"line":151,"column":0},"end":{"line":151,"column":17}},"151":{"start":{"line":152,"column":0},"end":{"line":152,"column":26}},"152":{"start":{"line":153,"column":0},"end":{"line":153,"column":20}},"153":{"start":{"line":154,"column":0},"end":{"line":154,"column":17}},"154":{"start":{"line":155,"column":0},"end":{"line":155,"column":15}},"155":{"start":{"line":156,"column":0},"end":{"line":156,"column":15}},"156":{"start":{"line":157,"column":0},"end":{"line":157,"column":26}},"157":{"start":{"line":158,"column":0},"end":{"line":158,"column":8}},"158":{"start":{"line":159,"column":0},"end":{"line":159,"column":7}},"159":{"start":{"line":160,"column":0},"end":{"line":160,"column":4}},"160":{"start":{"line":161,"column":0},"end":{"line":161,"column":0}},"161":{"start":{"line":162,"column":0},"end":{"line":162,"column":24}},"162":{"start":{"line":163,"column":0},"end":{"line":163,"column":41}},"163":{"start":{"line":164,"column":0},"end":{"line":164,"column":0}},"164":{"start":{"line":165,"column":0},"end":{"line":165,"column":21}},"165":{"start":{"line":166,"column":0},"end":{"line":166,"column":42}},"166":{"start":{"line":167,"column":0},"end":{"line":167,"column":31}},"167":{"start":{"line":168,"column":0},"end":{"line":168,"column":61}},"168":{"start":{"line":169,"column":0},"end":{"line":169,"column":11}},"169":{"start":{"line":170,"column":0},"end":{"line":170,"column":14}},"170":{"start":{"line":171,"column":0},"end":{"line":171,"column":43}},"171":{"start":{"line":172,"column":0},"end":{"line":172,"column":11}},"172":{"start":{"line":173,"column":0},"end":{"line":173,"column":0}},"173":{"start":{"line":174,"column":0},"end":{"line":174,"column":12}},"174":{"start":{"line":175,"column":0},"end":{"line":175,"column":32}},"175":{"start":{"line":176,"column":0},"end":{"line":176,"column":33}},"176":{"start":{"line":177,"column":0},"end":{"line":177,"column":65}},"177":{"start":{"line":178,"column":0},"end":{"line":178,"column":14}},"178":{"start":{"line":179,"column":0},"end":{"line":179,"column":12}},"179":{"start":{"line":180,"column":0},"end":{"line":180,"column":6}},"180":{"start":{"line":181,"column":0},"end":{"line":181,"column":4}},"181":{"start":{"line":182,"column":0},"end":{"line":182,"column":0}},"182":{"start":{"line":183,"column":0},"end":{"line":183,"column":24}},"183":{"start":{"line":184,"column":0},"end":{"line":184,"column":22}},"184":{"start":{"line":185,"column":0},"end":{"line":185,"column":11}},"185":{"start":{"line":186,"column":0},"end":{"line":186,"column":12}},"186":{"start":{"line":187,"column":0},"end":{"line":187,"column":13}},"187":{"start":{"line":188,"column":0},"end":{"line":188,"column":14}},"188":{"start":{"line":189,"column":0},"end":{"line":189,"column":42}},"189":{"start":{"line":190,"column":0},"end":{"line":190,"column":20}},"190":{"start":{"line":191,"column":0},"end":{"line":191,"column":29}},"191":{"start":{"line":192,"column":0},"end":{"line":192,"column":25}},"192":{"start":{"line":193,"column":0},"end":{"line":193,"column":17}},"193":{"start":{"line":194,"column":0},"end":{"line":194,"column":4}},"194":{"start":{"line":195,"column":0},"end":{"line":195,"column":0}},"195":{"start":{"line":196,"column":0},"end":{"line":196,"column":23}},"196":{"start":{"line":197,"column":0},"end":{"line":197,"column":24}},"197":{"start":{"line":198,"column":0},"end":{"line":198,"column":28}},"198":{"start":{"line":199,"column":0},"end":{"line":199,"column":20}},"199":{"start":{"line":200,"column":0},"end":{"line":200,"column":25}},"200":{"start":{"line":201,"column":0},"end":{"line":201,"column":45}},"201":{"start":{"line":202,"column":0},"end":{"line":202,"column":4}},"202":{"start":{"line":203,"column":0},"end":{"line":203,"column":0}},"203":{"start":{"line":204,"column":0},"end":{"line":204,"column":47}},"204":{"start":{"line":205,"column":0},"end":{"line":205,"column":38}},"205":{"start":{"line":206,"column":0},"end":{"line":206,"column":32}},"206":{"start":{"line":207,"column":0},"end":{"line":207,"column":50}},"207":{"start":{"line":208,"column":0},"end":{"line":208,"column":38}},"208":{"start":{"line":209,"column":0},"end":{"line":209,"column":32}},"209":{"start":{"line":210,"column":0},"end":{"line":210,"column":28}},"210":{"start":{"line":211,"column":0},"end":{"line":211,"column":28}},"211":{"start":{"line":212,"column":0},"end":{"line":212,"column":50}},"212":{"start":{"line":213,"column":0},"end":{"line":213,"column":4}},"213":{"start":{"line":214,"column":0},"end":{"line":214,"column":0}},"214":{"start":{"line":215,"column":0},"end":{"line":215,"column":19}},"215":{"start":{"line":216,"column":0},"end":{"line":216,"column":15}},"216":{"start":{"line":217,"column":0},"end":{"line":217,"column":73}},"217":{"start":{"line":218,"column":0},"end":{"line":218,"column":44}},"218":{"start":{"line":219,"column":0},"end":{"line":219,"column":36}},"219":{"start":{"line":220,"column":0},"end":{"line":220,"column":34}},"220":{"start":{"line":221,"column":0},"end":{"line":221,"column":9}},"221":{"start":{"line":222,"column":0},"end":{"line":222,"column":5}},"222":{"start":{"line":223,"column":0},"end":{"line":223,"column":13}},"223":{"start":{"line":224,"column":0},"end":{"line":224,"column":0}},"224":{"start":{"line":225,"column":0},"end":{"line":225,"column":39}},"225":{"start":{"line":226,"column":0},"end":{"line":226,"column":71}},"226":{"start":{"line":227,"column":0},"end":{"line":227,"column":55}},"227":{"start":{"line":228,"column":0},"end":{"line":228,"column":61}},"228":{"start":{"line":229,"column":0},"end":{"line":229,"column":13}},"229":{"start":{"line":230,"column":0},"end":{"line":230,"column":5}},"230":{"start":{"line":231,"column":0},"end":{"line":231,"column":9}},"231":{"start":{"line":232,"column":0},"end":{"line":232,"column":38}},"232":{"start":{"line":233,"column":0},"end":{"line":233,"column":59}},"233":{"start":{"line":234,"column":0},"end":{"line":234,"column":14}},"234":{"start":{"line":235,"column":0},"end":{"line":235,"column":22}},"235":{"start":{"line":236,"column":0},"end":{"line":236,"column":23}},"236":{"start":{"line":237,"column":0},"end":{"line":237,"column":57}},"237":{"start":{"line":238,"column":0},"end":{"line":238,"column":43}},"238":{"start":{"line":239,"column":0},"end":{"line":239,"column":10}},"239":{"start":{"line":240,"column":0},"end":{"line":240,"column":9}},"240":{"start":{"line":241,"column":0},"end":{"line":241,"column":25}},"241":{"start":{"line":242,"column":0},"end":{"line":242,"column":9}},"242":{"start":{"line":243,"column":0},"end":{"line":243,"column":8}},"243":{"start":{"line":244,"column":0},"end":{"line":244,"column":21}},"244":{"start":{"line":245,"column":0},"end":{"line":245,"column":55}},"245":{"start":{"line":246,"column":0},"end":{"line":246,"column":5}},"246":{"start":{"line":247,"column":0},"end":{"line":247,"column":4}},"247":{"start":{"line":248,"column":0},"end":{"line":248,"column":0}},"248":{"start":{"line":249,"column":0},"end":{"line":249,"column":19}},"249":{"start":{"line":250,"column":0},"end":{"line":250,"column":25}},"250":{"start":{"line":251,"column":0},"end":{"line":251,"column":47}},"251":{"start":{"line":252,"column":0},"end":{"line":252,"column":5}},"252":{"start":{"line":253,"column":0},"end":{"line":253,"column":17}},"253":{"start":{"line":254,"column":0},"end":{"line":254,"column":0}},"254":{"start":{"line":255,"column":0},"end":{"line":255,"column":10}},"255":{"start":{"line":256,"column":0},"end":{"line":256,"column":8}},"256":{"start":{"line":257,"column":0},"end":{"line":257,"column":11}},"257":{"start":{"line":258,"column":0},"end":{"line":258,"column":24}},"258":{"start":{"line":259,"column":0},"end":{"line":259,"column":32}},"259":{"start":{"line":260,"column":0},"end":{"line":260,"column":40}},"260":{"start":{"line":261,"column":0},"end":{"line":261,"column":23}},"261":{"start":{"line":262,"column":0},"end":{"line":262,"column":22}},"262":{"start":{"line":263,"column":0},"end":{"line":263,"column":30}},"263":{"start":{"line":264,"column":0},"end":{"line":264,"column":8}},"264":{"start":{"line":265,"column":0},"end":{"line":265,"column":5}},"265":{"start":{"line":266,"column":0},"end":{"line":266,"column":16}},"266":{"start":{"line":267,"column":0},"end":{"line":267,"column":11}},"267":{"start":{"line":268,"column":0},"end":{"line":268,"column":63}},"268":{"start":{"line":269,"column":0},"end":{"line":269,"column":38}},"269":{"start":{"line":270,"column":0},"end":{"line":270,"column":50}},"270":{"start":{"line":271,"column":0},"end":{"line":271,"column":34}},"271":{"start":{"line":272,"column":0},"end":{"line":272,"column":55}},"272":{"start":{"line":273,"column":0},"end":{"line":273,"column":37}},"273":{"start":{"line":274,"column":0},"end":{"line":274,"column":26}},"274":{"start":{"line":275,"column":0},"end":{"line":275,"column":0}},"275":{"start":{"line":276,"column":0},"end":{"line":276,"column":35}},"276":{"start":{"line":277,"column":0},"end":{"line":277,"column":55}},"277":{"start":{"line":278,"column":0},"end":{"line":278,"column":31}},"278":{"start":{"line":279,"column":0},"end":{"line":279,"column":27}},"279":{"start":{"line":280,"column":0},"end":{"line":280,"column":26}},"280":{"start":{"line":281,"column":0},"end":{"line":281,"column":0}},"281":{"start":{"line":282,"column":0},"end":{"line":282,"column":38}},"282":{"start":{"line":283,"column":0},"end":{"line":283,"column":0}},"283":{"start":{"line":284,"column":0},"end":{"line":284,"column":50}},"284":{"start":{"line":285,"column":0},"end":{"line":285,"column":55}},"285":{"start":{"line":286,"column":0},"end":{"line":286,"column":34}},"286":{"start":{"line":287,"column":0},"end":{"line":287,"column":27}},"287":{"start":{"line":288,"column":0},"end":{"line":288,"column":26}},"288":{"start":{"line":289,"column":0},"end":{"line":289,"column":0}},"289":{"start":{"line":290,"column":0},"end":{"line":290,"column":71}},"290":{"start":{"line":291,"column":0},"end":{"line":291,"column":25}},"291":{"start":{"line":292,"column":0},"end":{"line":292,"column":45}},"292":{"start":{"line":293,"column":0},"end":{"line":293,"column":44}},"293":{"start":{"line":294,"column":0},"end":{"line":294,"column":28}},"294":{"start":{"line":295,"column":0},"end":{"line":295,"column":24}},"295":{"start":{"line":296,"column":0},"end":{"line":296,"column":48}},"296":{"start":{"line":297,"column":0},"end":{"line":297,"column":48}},"297":{"start":{"line":298,"column":0},"end":{"line":298,"column":25}},"298":{"start":{"line":299,"column":0},"end":{"line":299,"column":27}},"299":{"start":{"line":300,"column":0},"end":{"line":300,"column":27}},"300":{"start":{"line":301,"column":0},"end":{"line":301,"column":34}},"301":{"start":{"line":302,"column":0},"end":{"line":302,"column":32}},"302":{"start":{"line":303,"column":0},"end":{"line":303,"column":69}},"303":{"start":{"line":304,"column":0},"end":{"line":304,"column":54}},"304":{"start":{"line":305,"column":0},"end":{"line":305,"column":21}},"305":{"start":{"line":306,"column":0},"end":{"line":306,"column":32}},"306":{"start":{"line":307,"column":0},"end":{"line":307,"column":35}},"307":{"start":{"line":308,"column":0},"end":{"line":308,"column":18}},"308":{"start":{"line":309,"column":0},"end":{"line":309,"column":16}},"309":{"start":{"line":310,"column":0},"end":{"line":310,"column":26}},"310":{"start":{"line":311,"column":0},"end":{"line":311,"column":0}},"311":{"start":{"line":312,"column":0},"end":{"line":312,"column":50}},"312":{"start":{"line":313,"column":0},"end":{"line":313,"column":55}},"313":{"start":{"line":314,"column":0},"end":{"line":314,"column":30}},"314":{"start":{"line":315,"column":0},"end":{"line":315,"column":27}},"315":{"start":{"line":316,"column":0},"end":{"line":316,"column":26}},"316":{"start":{"line":317,"column":0},"end":{"line":317,"column":0}},"317":{"start":{"line":318,"column":0},"end":{"line":318,"column":50}},"318":{"start":{"line":319,"column":0},"end":{"line":319,"column":55}},"319":{"start":{"line":320,"column":0},"end":{"line":320,"column":30}},"320":{"start":{"line":321,"column":0},"end":{"line":321,"column":27}},"321":{"start":{"line":322,"column":0},"end":{"line":322,"column":21}},"322":{"start":{"line":323,"column":0},"end":{"line":323,"column":49}},"323":{"start":{"line":324,"column":0},"end":{"line":324,"column":38}},"324":{"start":{"line":325,"column":0},"end":{"line":325,"column":73}},"325":{"start":{"line":326,"column":0},"end":{"line":326,"column":38}},"326":{"start":{"line":327,"column":0},"end":{"line":327,"column":45}},"327":{"start":{"line":328,"column":0},"end":{"line":328,"column":15}},"328":{"start":{"line":329,"column":0},"end":{"line":329,"column":55}},"329":{"start":{"line":330,"column":0},"end":{"line":330,"column":58}},"330":{"start":{"line":331,"column":0},"end":{"line":331,"column":31}},"331":{"start":{"line":332,"column":0},"end":{"line":332,"column":29}},"332":{"start":{"line":333,"column":0},"end":{"line":333,"column":19}},"333":{"start":{"line":334,"column":0},"end":{"line":334,"column":70}},"334":{"start":{"line":335,"column":0},"end":{"line":335,"column":23}},"335":{"start":{"line":336,"column":0},"end":{"line":336,"column":26}},"336":{"start":{"line":337,"column":0},"end":{"line":337,"column":0}},"337":{"start":{"line":338,"column":0},"end":{"line":338,"column":35}},"338":{"start":{"line":339,"column":0},"end":{"line":339,"column":16}},"339":{"start":{"line":340,"column":0},"end":{"line":340,"column":26}},"340":{"start":{"line":341,"column":0},"end":{"line":341,"column":27}},"341":{"start":{"line":342,"column":0},"end":{"line":342,"column":46}},"342":{"start":{"line":343,"column":0},"end":{"line":343,"column":35}},"343":{"start":{"line":344,"column":0},"end":{"line":344,"column":64}},"344":{"start":{"line":345,"column":0},"end":{"line":345,"column":32}},"345":{"start":{"line":346,"column":0},"end":{"line":346,"column":18}},"346":{"start":{"line":347,"column":0},"end":{"line":347,"column":23}},"347":{"start":{"line":348,"column":0},"end":{"line":348,"column":27}},"348":{"start":{"line":349,"column":0},"end":{"line":349,"column":37}},"349":{"start":{"line":350,"column":0},"end":{"line":350,"column":43}},"350":{"start":{"line":351,"column":0},"end":{"line":351,"column":23}},"351":{"start":{"line":352,"column":0},"end":{"line":352,"column":26}},"352":{"start":{"line":353,"column":0},"end":{"line":353,"column":37}},"353":{"start":{"line":354,"column":0},"end":{"line":354,"column":75}},"354":{"start":{"line":355,"column":0},"end":{"line":355,"column":32}},"355":{"start":{"line":356,"column":0},"end":{"line":356,"column":47}},"356":{"start":{"line":357,"column":0},"end":{"line":357,"column":48}},"357":{"start":{"line":358,"column":0},"end":{"line":358,"column":22}},"358":{"start":{"line":359,"column":0},"end":{"line":359,"column":20}},"359":{"start":{"line":360,"column":0},"end":{"line":360,"column":17}},"360":{"start":{"line":361,"column":0},"end":{"line":361,"column":35}},"361":{"start":{"line":362,"column":0},"end":{"line":362,"column":25}},"362":{"start":{"line":363,"column":0},"end":{"line":363,"column":17}},"363":{"start":{"line":364,"column":0},"end":{"line":364,"column":14}},"364":{"start":{"line":365,"column":0},"end":{"line":365,"column":0}},"365":{"start":{"line":366,"column":0},"end":{"line":366,"column":50}},"366":{"start":{"line":367,"column":0},"end":{"line":367,"column":55}},"367":{"start":{"line":368,"column":0},"end":{"line":368,"column":32}},"368":{"start":{"line":369,"column":0},"end":{"line":369,"column":27}},"369":{"start":{"line":370,"column":0},"end":{"line":370,"column":26}},"370":{"start":{"line":371,"column":0},"end":{"line":371,"column":0}},"371":{"start":{"line":372,"column":0},"end":{"line":372,"column":50}},"372":{"start":{"line":373,"column":0},"end":{"line":373,"column":56}},"373":{"start":{"line":374,"column":0},"end":{"line":374,"column":29}},"374":{"start":{"line":375,"column":0},"end":{"line":375,"column":27}},"375":{"start":{"line":376,"column":0},"end":{"line":376,"column":21}},"376":{"start":{"line":377,"column":0},"end":{"line":377,"column":50}},"377":{"start":{"line":378,"column":0},"end":{"line":378,"column":39}},"378":{"start":{"line":379,"column":0},"end":{"line":379,"column":35}},"379":{"start":{"line":380,"column":0},"end":{"line":380,"column":30}},"380":{"start":{"line":381,"column":0},"end":{"line":381,"column":45}},"381":{"start":{"line":382,"column":0},"end":{"line":382,"column":15}},"382":{"start":{"line":383,"column":0},"end":{"line":383,"column":56}},"383":{"start":{"line":384,"column":0},"end":{"line":384,"column":60}},"384":{"start":{"line":385,"column":0},"end":{"line":385,"column":58}},"385":{"start":{"line":386,"column":0},"end":{"line":386,"column":23}},"386":{"start":{"line":387,"column":0},"end":{"line":387,"column":26}},"387":{"start":{"line":388,"column":0},"end":{"line":388,"column":0}},"388":{"start":{"line":389,"column":0},"end":{"line":389,"column":50}},"389":{"start":{"line":390,"column":0},"end":{"line":390,"column":55}},"390":{"start":{"line":391,"column":0},"end":{"line":391,"column":35}},"391":{"start":{"line":392,"column":0},"end":{"line":392,"column":27}},"392":{"start":{"line":393,"column":0},"end":{"line":393,"column":26}},"393":{"start":{"line":394,"column":0},"end":{"line":394,"column":0}},"394":{"start":{"line":395,"column":0},"end":{"line":395,"column":50}},"395":{"start":{"line":396,"column":0},"end":{"line":396,"column":54}},"396":{"start":{"line":397,"column":0},"end":{"line":397,"column":32}},"397":{"start":{"line":398,"column":0},"end":{"line":398,"column":27}},"398":{"start":{"line":399,"column":0},"end":{"line":399,"column":21}},"399":{"start":{"line":400,"column":0},"end":{"line":400,"column":48}},"400":{"start":{"line":401,"column":0},"end":{"line":401,"column":37}},"401":{"start":{"line":402,"column":0},"end":{"line":402,"column":32}},"402":{"start":{"line":403,"column":0},"end":{"line":403,"column":33}},"403":{"start":{"line":404,"column":0},"end":{"line":404,"column":42}},"404":{"start":{"line":405,"column":0},"end":{"line":405,"column":15}},"405":{"start":{"line":406,"column":0},"end":{"line":406,"column":64}},"406":{"start":{"line":407,"column":0},"end":{"line":407,"column":58}},"407":{"start":{"line":408,"column":0},"end":{"line":408,"column":58}},"408":{"start":{"line":409,"column":0},"end":{"line":409,"column":58}},"409":{"start":{"line":410,"column":0},"end":{"line":410,"column":58}},"410":{"start":{"line":411,"column":0},"end":{"line":411,"column":58}},"411":{"start":{"line":412,"column":0},"end":{"line":412,"column":58}},"412":{"start":{"line":413,"column":0},"end":{"line":413,"column":23}},"413":{"start":{"line":414,"column":0},"end":{"line":414,"column":26}},"414":{"start":{"line":415,"column":0},"end":{"line":415,"column":0}},"415":{"start":{"line":416,"column":0},"end":{"line":416,"column":50}},"416":{"start":{"line":417,"column":0},"end":{"line":417,"column":55}},"417":{"start":{"line":418,"column":0},"end":{"line":418,"column":43}},"418":{"start":{"line":419,"column":0},"end":{"line":419,"column":27}},"419":{"start":{"line":420,"column":0},"end":{"line":420,"column":26}},"420":{"start":{"line":421,"column":0},"end":{"line":421,"column":0}},"421":{"start":{"line":422,"column":0},"end":{"line":422,"column":50}},"422":{"start":{"line":423,"column":0},"end":{"line":423,"column":56}},"423":{"start":{"line":424,"column":0},"end":{"line":424,"column":35}},"424":{"start":{"line":425,"column":0},"end":{"line":425,"column":27}},"425":{"start":{"line":426,"column":0},"end":{"line":426,"column":21}},"426":{"start":{"line":427,"column":0},"end":{"line":427,"column":50}},"427":{"start":{"line":428,"column":0},"end":{"line":428,"column":39}},"428":{"start":{"line":429,"column":0},"end":{"line":429,"column":41}},"429":{"start":{"line":430,"column":0},"end":{"line":430,"column":36}},"430":{"start":{"line":431,"column":0},"end":{"line":431,"column":51}},"431":{"start":{"line":432,"column":0},"end":{"line":432,"column":15}},"432":{"start":{"line":433,"column":0},"end":{"line":433,"column":60}},"433":{"start":{"line":434,"column":0},"end":{"line":434,"column":60}},"434":{"start":{"line":435,"column":0},"end":{"line":435,"column":62}},"435":{"start":{"line":436,"column":0},"end":{"line":436,"column":60}},"436":{"start":{"line":437,"column":0},"end":{"line":437,"column":60}},"437":{"start":{"line":438,"column":0},"end":{"line":438,"column":60}},"438":{"start":{"line":439,"column":0},"end":{"line":439,"column":58}},"439":{"start":{"line":440,"column":0},"end":{"line":440,"column":23}},"440":{"start":{"line":441,"column":0},"end":{"line":441,"column":26}},"441":{"start":{"line":442,"column":0},"end":{"line":442,"column":0}},"442":{"start":{"line":443,"column":0},"end":{"line":443,"column":35}},"443":{"start":{"line":444,"column":0},"end":{"line":444,"column":55}},"444":{"start":{"line":445,"column":0},"end":{"line":445,"column":27}},"445":{"start":{"line":446,"column":0},"end":{"line":446,"column":27}},"446":{"start":{"line":447,"column":0},"end":{"line":447,"column":26}},"447":{"start":{"line":448,"column":0},"end":{"line":448,"column":0}},"448":{"start":{"line":449,"column":0},"end":{"line":449,"column":18}},"449":{"start":{"line":450,"column":0},"end":{"line":450,"column":25}},"450":{"start":{"line":451,"column":0},"end":{"line":451,"column":29}},"451":{"start":{"line":452,"column":0},"end":{"line":452,"column":28}},"452":{"start":{"line":453,"column":0},"end":{"line":453,"column":33}},"453":{"start":{"line":454,"column":0},"end":{"line":454,"column":13}},"454":{"start":{"line":455,"column":0},"end":{"line":455,"column":23}},"455":{"start":{"line":456,"column":0},"end":{"line":456,"column":21}},"456":{"start":{"line":457,"column":0},"end":{"line":457,"column":35}},"457":{"start":{"line":458,"column":0},"end":{"line":458,"column":45}},"458":{"start":{"line":459,"column":0},"end":{"line":459,"column":40}},"459":{"start":{"line":460,"column":0},"end":{"line":460,"column":24}},"460":{"start":{"line":461,"column":0},"end":{"line":461,"column":26}},"461":{"start":{"line":462,"column":0},"end":{"line":462,"column":21}},"462":{"start":{"line":463,"column":0},"end":{"line":463,"column":41}},"463":{"start":{"line":464,"column":0},"end":{"line":464,"column":37}},"464":{"start":{"line":465,"column":0},"end":{"line":465,"column":20}},"465":{"start":{"line":466,"column":0},"end":{"line":466,"column":41}},"466":{"start":{"line":467,"column":0},"end":{"line":467,"column":37}},"467":{"start":{"line":468,"column":0},"end":{"line":468,"column":20}},"468":{"start":{"line":469,"column":0},"end":{"line":469,"column":40}},"469":{"start":{"line":470,"column":0},"end":{"line":470,"column":37}},"470":{"start":{"line":471,"column":0},"end":{"line":471,"column":20}},"471":{"start":{"line":472,"column":0},"end":{"line":472,"column":18}},"472":{"start":{"line":473,"column":0},"end":{"line":473,"column":16}},"473":{"start":{"line":474,"column":0},"end":{"line":474,"column":26}},"474":{"start":{"line":475,"column":0},"end":{"line":475,"column":20}},"475":{"start":{"line":476,"column":0},"end":{"line":476,"column":0}},"476":{"start":{"line":477,"column":0},"end":{"line":477,"column":24}},"477":{"start":{"line":478,"column":0},"end":{"line":478,"column":19}},"478":{"start":{"line":479,"column":0},"end":{"line":479,"column":32}},"479":{"start":{"line":480,"column":0},"end":{"line":480,"column":41}},"480":{"start":{"line":481,"column":0},"end":{"line":481,"column":37}},"481":{"start":{"line":482,"column":0},"end":{"line":482,"column":22}},"482":{"start":{"line":483,"column":0},"end":{"line":483,"column":16}},"483":{"start":{"line":484,"column":0},"end":{"line":484,"column":13}},"484":{"start":{"line":485,"column":0},"end":{"line":485,"column":21}},"485":{"start":{"line":486,"column":0},"end":{"line":486,"column":35}},"486":{"start":{"line":487,"column":0},"end":{"line":487,"column":44}},"487":{"start":{"line":488,"column":0},"end":{"line":488,"column":21}},"488":{"start":{"line":489,"column":0},"end":{"line":489,"column":35}},"489":{"start":{"line":490,"column":0},"end":{"line":490,"column":32}},"490":{"start":{"line":491,"column":0},"end":{"line":491,"column":36}},"491":{"start":{"line":492,"column":0},"end":{"line":492,"column":73}},"492":{"start":{"line":493,"column":0},"end":{"line":493,"column":30}},"493":{"start":{"line":494,"column":0},"end":{"line":494,"column":45}},"494":{"start":{"line":495,"column":0},"end":{"line":495,"column":46}},"495":{"start":{"line":496,"column":0},"end":{"line":496,"column":20}},"496":{"start":{"line":497,"column":0},"end":{"line":497,"column":18}},"497":{"start":{"line":498,"column":0},"end":{"line":498,"column":15}},"498":{"start":{"line":499,"column":0},"end":{"line":499,"column":35}},"499":{"start":{"line":500,"column":0},"end":{"line":500,"column":23}},"500":{"start":{"line":501,"column":0},"end":{"line":501,"column":26}},"501":{"start":{"line":502,"column":0},"end":{"line":502,"column":0}},"502":{"start":{"line":503,"column":0},"end":{"line":503,"column":50}},"503":{"start":{"line":504,"column":0},"end":{"line":504,"column":16}},"504":{"start":{"line":505,"column":0},"end":{"line":505,"column":20}},"505":{"start":{"line":506,"column":0},"end":{"line":506,"column":12}},"506":{"start":{"line":507,"column":0},"end":{"line":507,"column":78}},"507":{"start":{"line":508,"column":0},"end":{"line":508,"column":10}},"508":{"start":{"line":509,"column":0},"end":{"line":509,"column":4}},"509":{"start":{"line":510,"column":0},"end":{"line":510,"column":2}},"510":{"start":{"line":511,"column":0},"end":{"line":511,"column":0}},"511":{"start":{"line":512,"column":0},"end":{"line":512,"column":24}}},"s":{"0":1,"1":1,"2":1,"3":1,"4":1,"5":1,"6":1,"7":1,"8":1,"9":1,"10":1,"11":1,"12":1,"13":1,"14":1,"15":1,"16":1,"17":1,"18":1,"19":1,"20":1,"21":1,"22":1,"23":1,"24":1,"25":1,"26":0,"27":0,"28":0,"29":0,"30":0,"31":0,"32":0,"33":0,"34":0,"35":0,"36":0,"37":0,"38":0,"39":0,"40":0,"41":0,"42":0,"43":0,"44":0,"45":0,"46":0,"47":0,"48":0,"49":0,"50":0,"51":0,"52":0,"53":0,"54":0,"55":0,"56":0,"57":0,"58":0,"59":0,"60":1,"61":1,"62":0,"63":0,"64":0,"65":0,"66":0,"67":0,"68":0,"69":0,"70":0,"71":0,"72":0,"73":0,"74":0,"75":1,"76":1,"77":1,"78":1,"79":1,"80":1,"81":1,"82":1,"83":1,"84":1,"85":1,"86":1,"87":0,"88":0,"89":0,"90":0,"91":0,"92":0,"93":0,"94":0,"95":0,"96":0,"97":1,"98":1,"99":1,"100":0,"101":0,"102":1,"103":1,"104":0,"105":0,"106":0,"107":0,"108":1,"109":1,"110":1,"111":0,"112":0,"113":1,"114":1,"115":1,"116":0,"117":0,"118":1,"119":1,"120":1,"121":0,"122":0,"123":1,"124":1,"125":1,"126":1,"127":1,"128":1,"129":1,"130":0,"131":0,"132":0,"133":0,"134":0,"135":0,"136":0,"137":0,"138":0,"139":0,"140":0,"141":0,"142":0,"143":0,"144":0,"145":0,"146":0,"147":0,"148":0,"149":0,"150":0,"151":0,"152":0,"153":0,"154":0,"155":0,"156":0,"157":0,"158":0,"159":0,"160":1,"161":1,"162":0,"163":0,"164":0,"165":0,"166":0,"167":0,"168":0,"169":0,"170":0,"171":0,"172":0,"173":0,"174":0,"175":0,"176":0,"177":0,"178":0,"179":0,"180":0,"181":1,"182":1,"183":1,"184":1,"185":1,"186":1,"187":1,"188":1,"189":1,"190":1,"191":1,"192":1,"193":1,"194":1,"195":1,"196":1,"197":1,"198":1,"199":1,"200":1,"201":1,"202":1,"203":1,"204":0,"205":0,"206":0,"207":0,"208":0,"209":0,"210":0,"211":0,"212":0,"213":1,"214":1,"215":1,"216":0,"217":0,"218":0,"219":0,"220":0,"221":0,"222":1,"223":1,"224":1,"225":0,"226":0,"227":0,"228":0,"229":0,"230":0,"231":0,"232":0,"233":0,"234":0,"235":0,"236":0,"237":0,"238":0,"239":0,"240":0,"241":0,"242":0,"243":0,"244":0,"245":0,"246":0,"247":1,"248":1,"249":1,"250":0,"251":0,"252":1,"253":1,"254":1,"255":1,"256":1,"257":1,"258":1,"259":1,"260":1,"261":1,"262":1,"263":1,"264":1,"265":1,"266":1,"267":1,"268":1,"269":1,"270":1,"271":1,"272":1,"273":1,"274":1,"275":1,"276":1,"277":1,"278":1,"279":1,"280":1,"281":1,"282":1,"283":1,"284":1,"285":1,"286":1,"287":1,"288":1,"289":1,"290":1,"291":1,"292":1,"293":1,"294":1,"295":1,"296":1,"297":1,"298":1,"299":1,"300":1,"301":1,"302":1,"303":1,"304":1,"305":1,"306":1,"307":1,"308":1,"309":1,"310":1,"311":1,"312":1,"313":1,"314":1,"315":1,"316":1,"317":1,"318":1,"319":1,"320":1,"321":1,"322":1,"323":1,"324":1,"325":1,"326":1,"327":1,"328":1,"329":0,"330":0,"331":0,"332":1,"333":1,"334":1,"335":1,"336":1,"337":1,"338":0,"339":0,"340":0,"341":0,"342":0,"343":0,"344":0,"345":0,"346":0,"347":0,"348":0,"349":0,"350":0,"351":0,"352":0,"353":0,"354":0,"355":0,"356":0,"357":0,"358":0,"359":0,"360":0,"361":0,"362":0,"363":1,"364":1,"365":1,"366":1,"367":1,"368":1,"369":1,"370":1,"371":1,"372":1,"373":1,"374":1,"375":1,"376":1,"377":1,"378":1,"379":1,"380":1,"381":1,"382":1,"383":1,"384":1,"385":1,"386":1,"387":1,"388":1,"389":1,"390":1,"391":1,"392":1,"393":1,"394":1,"395":1,"396":1,"397":1,"398":1,"399":1,"400":1,"401":1,"402":1,"403":1,"404":1,"405":1,"406":1,"407":1,"408":1,"409":1,"410":1,"411":1,"412":1,"413":1,"414":1,"415":1,"416":1,"417":1,"418":1,"419":1,"420":1,"421":1,"422":1,"423":1,"424":1,"425":1,"426":1,"427":1,"428":1,"429":1,"430":1,"431":1,"432":1,"433":1,"434":1,"435":1,"436":1,"437":1,"438":1,"439":1,"440":1,"441":1,"442":1,"443":1,"444":1,"445":1,"446":1,"447":1,"448":1,"449":1,"450":1,"451":1,"452":1,"453":1,"454":1,"455":1,"456":1,"457":1,"458":1,"459":1,"460":1,"461":1,"462":1,"463":1,"464":1,"465":1,"466":1,"467":1,"468":1,"469":1,"470":1,"471":1,"472":1,"473":1,"474":1,"475":1,"476":1,"477":1,"478":1,"479":1,"480":1,"481":1,"482":1,"483":1,"484":1,"485":1,"486":1,"487":1,"488":1,"489":1,"490":1,"491":1,"492":1,"493":1,"494":1,"495":1,"496":1,"497":1,"498":1,"499":1,"500":1,"501":1,"502":1,"503":1,"504":1,"505":1,"506":1,"507":1,"508":1,"509":1,"510":1,"511":1},"branchMap":{"0":{"type":"branch","line":77,"loc":{"start":{"line":77,"column":17},"end":{"line":510,"column":2}},"locations":[{"start":{"line":77,"column":17},"end":{"line":510,"column":2}}]},"1":{"type":"branch","line":325,"loc":{"start":{"line":325,"column":23},"end":{"line":325,"column":55}},"locations":[{"start":{"line":325,"column":23},"end":{"line":325,"column":55}}]},"2":{"type":"branch","line":338,"loc":{"start":{"line":338,"column":13},"end":{"line":363,"column":17}},"locations":[{"start":{"line":338,"column":13},"end":{"line":363,"column":17}}]},"3":{"type":"branch","line":503,"loc":{"start":{"line":503,"column":13},"end":{"line":503,"column":50}},"locations":[{"start":{"line":503,"column":13},"end":{"line":503,"column":50}}]},"4":{"type":"branch","line":215,"loc":{"start":{"line":215,"column":12},"end":{"line":223,"column":5}},"locations":[{"start":{"line":215,"column":12},"end":{"line":223,"column":5}}]},"5":{"type":"branch","line":216,"loc":{"start":{"line":216,"column":14},"end":{"line":222,"column":5}},"locations":[{"start":{"line":216,"column":14},"end":{"line":222,"column":5}}]},"6":{"type":"branch","line":249,"loc":{"start":{"line":249,"column":12},"end":{"line":253,"column":5}},"locations":[{"start":{"line":249,"column":12},"end":{"line":253,"column":5}}]},"7":{"type":"branch","line":250,"loc":{"start":{"line":250,"column":24},"end":{"line":252,"column":5}},"locations":[{"start":{"line":250,"column":24},"end":{"line":252,"column":5}}]}},"b":{"0":[1],"1":[0],"2":[0],"3":[0],"4":[1],"5":[0],"6":[1],"7":[0]},"fnMap":{"0":{"name":"getGeminiRequests","decl":{"start":{"line":26,"column":26},"end":{"line":60,"column":2}},"loc":{"start":{"line":26,
[...]
,"C:\\Users\\linho\\Desktop\\CS 394\\GiftGuru\\utilities\\firebaseUtils.js": {"path":"C:\\Users\\linho\\Desktop\\CS 394\\GiftGuru\\utilities\\firebaseUtils.js","all":false,"statementMap":{"0":{"start":{"line":1,"column":0},"end":{"line":1,"column":80}},"1":{"start":{"line":2,"column":0},"end":{"line":2,"column":100}},"2":{"start":{"line":3,"column":0},"end":{"line":3,"column":8}},"3":{"start":{"line":4,"column":0},"end":{"line":4,"column":10}},"4":{"start":{"line":5,"column":0},"end":{"line":5,"column":21}},"5":{"start":{"line":6,"column":0},"end":{"line":6,"column":21}},"6":{"start":{"line":7,"column":0},"end":{"line":7,"column":18}},"7":{"start":{"line":8,"column":0},"end":{"line":8,"column":29}},"8":{"start":{"line":9,"column":0},"end":{"line":9,"column":33}},"9":{"start":{"line":10,"column":0},"end":{"line":10,"column":10}},"10":{"start":{"line":11,"column":0},"end":{"line":11,"column":52}},"11":{"start":{"line":12,"column":0},"end":{"line":12,"column":8}},"12":{"start":{"line":13,"column":0},"end":{"line":13,"column":17}},"13":{"start":{"line":14,"column":0},"end":{"line":14,"column":22}},"14":{"start":{"line":15,"column":0},"end":{"line":15,"column":21}},"15":{"start":{"line":16,"column":0},"end":{"line":16,"column":32}},"16":{"start":{"line":17,"column":0},"end":{"line":17,"column":8}},"17":{"start":{"line":18,"column":0},"end":{"line":18,"column":20}},"18":{"start":{"line":19,"column":0},"end":{"line":19,"column":14}},"19":{"start":{"line":20,"column":0},"end":{"line":20,"column":17}},"20":{"start":{"line":21,"column":0},"end":{"line":21,"column":55}},"21":{"start":{"line":22,"column":0},"end":{"line":22,"column":73}},"22":{"start":{"line":23,"column":0},"end":{"line":23,"column":0}},"23":{"start":{"line":24,"column":0},"end":{"line":24,"column":31}},"24":{"start":{"line":25,"column":0},"end":{"line":25,"column":31}},"25":{"start":{"line":26,"column":0},"end":{"line":26,"column":17}},"26":{"start":{"line":27,"column":0},"end":{"line":27,"column":73}},"27":{"start":{"line":28,"column":0},"end":{"line":28,"column":39}},"28":{"start":{"line":29,"column":0},"end":{"line":29,"column":2}},"29":{"start":{"line":30,"column":0},"end":{"line":30,"column":0}},"30":{"start":{"line":31,"column":0},"end":{"line":31,"column":45}},"31":{"start":{"line":32,"column":0},"end":{"line":32,"column":22}},"32":{"start":{"line":33,"column":0},"end":{"line":33,"column":33}},"33":{"start":{"line":34,"column":0},"end":{"line":34,"column":3}},"34":{"start":{"line":35,"column":0},"end":{"line":35,"column":39}},"35":{"start":{"line":36,"column":0},"end":{"line":36,"column":61}},"36":{"start":{"line":37,"column":0},"end":{"line":37,"column":0}},"37":{"start":{"line":38,"column":0},"end":{"line":38,"column":7}},"38":{"start":{"line":39,"column":0},"end":{"line":39,"column":39}},"39":{"start":{"line":40,"column":0},"end":{"line":40,"column":42}},"40":{"start":{"line":41,"column":0},"end":{"line":41,"column":17}},"41":{"start":{"line":42,"column":0},"end":{"line":42,"column":14}},"42":{"start":{"line":43,"column":0},"end":{"line":43,"column":3}},"43":{"start":{"line":44,"column":0},"end":{"line":44,"column":2}},"44":{"start":{"line":45,"column":0},"end":{"line":45,"column":0}},"45":{"start":{"line":46,"column":0},"end":{"line":46,"column":36}},"46":{"start":{"line":47,"column":0},"end":{"line":47,"column":37}},"47":{"start":{"line":48,"column":0},"end":{"line":48,"column":43}},"48":{"start":{"line":49,"column":0},"end":{"line":49,"column":0}},"49":{"start":{"line":50,"column":0},"end":{"line":50,"column":19}},"50":{"start":{"line":51,"column":0},"end":{"line":51,"column":38}},"51":{"start":{"line":52,"column":0},"end":{"line":52,"column":51}},"52":{"start":{"line":53,"column":0},"end":{"line":53,"column":0}},"53":{"start":{"line":54,"column":0},"end":{"line":54,"column":32}},"54":{"start":{"line":55,"column":0},"end":{"line":55,"column":26}},"55":{"start":{"line":56,"column":0},"end":{"line":56,"column":21}},"56":{"start":{"line":57,"column":0},"end":{"line":57,"column":32}},"57":{"start":{"line":58,"column":0},"end":{"line":58,"column":8}},"58":{"start":{"line":59,"column":0},"end":{"line":59,"column":18}},"59":{"start":{"line":60,"column":0},"end":{"line":60,"column":24}},"60":{"start":{"line":61,"column":0},"end":{"line":61,"column":7}},"61":{"start":{"line":62,"column":0},"end":{"line":62,"column":6}},"62":{"start":{"line":63,"column":0},"end":{"line":63,"column":0}},"63":{"start":{"line":64,"column":0},"end":{"line":64,"column":31}},"64":{"start":{"line":65,"column":0},"end":{"line":65,"column":13}},"65":{"start":{"line":66,"column":0},"end":{"line":66,"column":0}},"66":{"start":{"line":67,"column":0},"end":{"line":67,"column":23}},"67":{"start":{"line":68,"column":0},"end":{"line":68,"column":2}},"68":{"start":{"line":69,"column":0},"end":{"line":69,"column":0}},"69":{"start":{"line":70,"column":0},"end":{"line":70,"column":35}},"70":{"start":{"line":71,"column":0},"end":{"line":71,"column":41}},"71":{"start":{"line":72,"column":0},"end":{"line":72,"column":36}},"72":{"start":{"line":73,"column":0},"end":{"line":73,"column":49}},"73":{"start":{"line":74,"column":0},"end":{"line":74,"column":0}},"74":{"start":{"line":75,"column":0},"end":{"line":75,"column":30}},"75":{"start":{"line":76,"column":0},"end":{"line":76,"column":21}},"76":{"start":{"line":77,"column":0},"end":{"line":77,"column":49}},"77":{"start":{"line":78,"column":0},"end":{"line":78,"column":44}},"78":{"start":{"line":79,"column":0},"end":{"line":79,"column":56}},"79":{"start":{"line":80,"column":0},"end":{"line":80,"column":6}},"80":{"start":{"line":81,"column":0},"end":{"line":81,"column":20}},"81":{"start":{"line":82,"column":0},"end":{"line":82,"column":4}},"82":{"start":{"line":83,"column":0},"end":{"line":83,"column":0}},"83":{"start":{"line":84,"column":0},"end":{"line":84,"column":27}},"84":{"start":{"line":85,"column":0},"end":{"line":85,"column":2}},"85":{"start":{"line":86,"column":0},"end":{"line":86,"column":0}},"86":{"start":{"line":87,"column":0},"end":{"line":87,"column":38}},"87":{"start":{"line":88,"column":0},"end":{"line":88,"column":41}},"88":{"start":{"line":89,"column":0},"end":{"line":89,"column":36}},"89":{"start":{"line":90,"column":0},"end":{"line":90,"column":49}},"90":{"start":{"line":91,"column":0},"end":{"line":91,"column":33}},"91":{"start":{"line":92,"column":0},"end":{"line":92,"column":16}},"92":{"start":{"line":93,"column":0},"end":{"line":93,"column":40}},"93":{"start":{"line":94,"column":0},"end":{"line":94,"column":44}},"94":{"start":{"line":95,"column":0},"end":{"line":95,"column":56}},"95":{"start":{"line":96,"column":0},"end":{"line":96,"column":6}},"96":{"start":{"line":97,"column":0},"end":{"line":97,"column":20}},"97":{"start":{"line":98,"column":0},"end":{"line":98,"column":4}},"98":{"start":{"line":99,"column":0},"end":{"line":99,"column":0}},"99":{"start":{"line":100,"column":0},"end":{"line":100,"column":30}},"100":{"start":{"line":101,"column":0},"end":{"line":101,"column":2}},"101":{"start":{"line":102,"column":0},"end":{"line":102,"column":0}},"102":{"start":{"line":103,"column":0},"end":{"line":103,"column":34}},"103":{"start":{"line":104,"column":0},"end":{"line":104,"column":36}},"104":{"start":{"line":105,"column":0},"end":{"line":105,"column":49}},"105":{"start":{"line":106,"column":0},"end":{"line":106,"column":41}},"106":{"start":{"line":107,"column":0},"end":{"line":107,"column":0}},"107":{"start":{"line":108,"column":0},"end":{"line":108,"column":33}},"108":{"start":{"line":109,"column":0},"end":{"line":109,"column":24}},"109":{"start":{"line":110,"column":0},"end":{"line":110,"column":46}},"110":{"start":{"line":111,"column":0},"end":{"line":111,"column":0}},"111":{"start":{"line":112,"column":0},"end":{"line":112,"column":39}},"112":{"start":{"line":113,"column":0},"end":{"line":113,"column":44}},"113":{"start":{"line":114,"column":0},"end":{"line":114,"column":56}},"114":{"start":{"line":115,"column":0},"end":{"line":115,"column":6}},"115":{"start":{"line":116,"column":0},"end":{"line":116,"column":14}},"116":{"start":{"line":117,"column":0},"end":{"line":117,"column":4}},"117":{"start":{"line":118,"column":0},"end":{"line":118,"column":0}},"118":{"start":{"line":119,"column":0},"end":{"line":119,"column":30}},"119":{"start":{"line":120,"column":0},"end":{"line":120,"column":2}},"120":{"start":{"line":121,"column":0},"end":{"line":121,"column":0}},"121":{"start":{"line":122,"column":0},"end":{"line":122,"column":45}},"122":{"start":{"line":123,"column":0},"end":{"line":123,"column":31}},"123":{"start":{"line":124,"column":0},"end":{"line":124,"column":28}},"124":{"start":{"line":125,"column":0},"end":{"line":125,"column":49}},"125":{"start":{"line":126,"column":0},"end":{"line":126,"column":23}},"126":{"start":{"line":127,"column":0},"end":{"line":127,"column":73}},"127":{"start":{"line":128,"column":0},"end":{"line":128,"column":43}},"128":{"start":{"line":129,"column":0},"end":{"line":129,"column":31}},"129":{"start":{"line":130,"column":0},"end":{"line":130,"column":6}},"130":{"start":{"line":131,"column":0},"end":{"line":131,"column":23}},"131":{"start":{"line":132,"column":0},"end":{"line":132,"column":35}},"132":{"start":{"line":133,"column":0},"end":{"line":133,"column":41}},"133":{"start":{"line":134,"column":0},"end":{"line":134,"column":43}},"134":{"start":{"line":135,"column":0},"end":{"line":135,"column":71}},"135":{"start":{"line":136,"column":0},"end":{"line":136,"column":7}},"136":{"start":{"line":137,"column":0},"end":{"line":137,"column":2}},"137":{"start":{"line":138,"column":0},"end":{"line":138,"column":0}},"138":{"start":{"line":139,"column":0},"end":{"line":139,"column":67}},"139":{"start":{"line":140,"column":0},"end":{"line":140,"column":31}},"140":{"start":{"line":141,"column":0},"end":{"line":141,"column":28}},"141":{"start":{"line":142,"column":0},"end":{"line":142,"column":51}},"142":{"start":{"line":143,"column":0},"end":{"line":143,"column":31}},"143":{"start":{"line":144,"column":0},"end":{"line":144,"column":39}},"144":{"start":{"line":145,"column":0},"end":{"line":145,"column":6}},"145":{"start":{"line":146,"column":0},"end":{"line":146,"column":21}},"146":{"start":{"line":147,"column":0},"end":{"line":147,"column":28}},"147":{"start":{"line":148,"column":0},"end":{"line":148,"column":51}},"148":{"start":{"line":149,"column":0},"end":{"line":149,"column":7}},"149":{"start":{"line":150,"column":0},"end":{"line":150,"column":2}},"150":{"start":{"line":151,"column":0},"end":{"line":151,"column":0}},"151":{"start":{"line":152,"column":0},"end":{"line":152,"column":67}},"152":{"start":{"line":153,"column":0},"end":{"line":153,"column":31}},"153":{"start":{"line":154,"column":0},"end":{"line":154,"column":28}},"154":{"start":{"line":155,"column":0},"end":{"line":155,"column":7}},"155":{"start":{"line":156,"column":0},"end":{"line":156,"column":64}},"156":{"start":{"line":157,"column":0},"end":{"line":157,"column":11}},"157":{"start":{"line":158,"column":0},"end":{"line":158,"column":12}},"158":{"start":{"line":159,"column":0},"end":{"line":159,"column":14}},"159":{"start":{"line":160,"column":0},"end":{"line":160,"column":6}},"160":{"start":{"line":161,"column":0},"end":{"line":161,"column":32}},"161":{"start":{"line":162,"column":0},"end":{"line":162,"column":17}},"162":{"start":{"line":163,"column":0},"end":{"line":163,"column":28}},"163":{"start":{"line":164,"column":0},"end":{"line":164,"column":15}},"164":{"start":{"line":165,"column":0},"end":{"line":165,"column":3}},"165":{"start":{"line":166,"column":0},"end":{"line":166,"column":2}},"166":{"start":{"line":167,"column":0},"end":{"line":167,"column":0}},"167":{"start":{"line":168,"column":0},"end":{"line":168,"column":44}},"168":{"start":{"line":169,"column":0},"end":{"line":169,"column":31}},"169":{"start":{"line":170,"column":0},"end":{"line":170,"column":28}},"170":{"start":{"line":171,"column":0},"end":{"line":171,"column":7}},"171":{"start":{"line":172,"column":0},"end":{"line":172,"column":24}},"172":{"start":{"line":173,"column":0},"end":{"line":173,"column":17}},"173":{"start":{"line":174,"column":0},"end":{"line":174,"column":14}},"174":{"start":{"line":175,"column":0},"end":{"line":175,"column":3}},"175":{"start":{"line":176,"column":0},"end":{"line":176,"column":2}},"176":{"start":{"line":177,"column":0},"end":{"line":177,"column":0}},"177":{"start":{"line":178,"column":0},"end":{"line":178,"column":35}},"178":{"start":{"line":179,"column":0},"end":{"line":179,"column":41}},"179":{"start":{"line":180,"column":0},"end":{"line":180,"column":47}},"180":{"start":{"line":181,"column":0},"end":{"line":181,"column":0}},"181":{"start":{"line":182,"column":0},"end":{"line":182,"column":19}},"182":{"start":{"line":183,"column":0},"end":{"line":183,"column":33}},"183":{"start":{"line":184,"column":0},"end":{"line":184,"column":30}},"184":{"start":{"line":185,"column":0},"end":{"line":185,"column":67}},"185":{"start":{"line":186,"column":0},"end":{"line":186,"column":27}},"186":{"start":{"line":187,"column":0},"end":{"line":187,"column":24}},"187":{"start":{"line":188,"column":0},"end":{"line":188,"column":7}},"188":{"start":{"line":189,"column":0},"end":{"line":189,"column":0}},"189":{"start":{"line":190,"column":0},"end":{"line":190,"column":31}},"190":{"start":{"line":191,"column":0},"end":{"line":191,"column":9}},"191":{"start":{"line":192,"column":0},"end":{"line":192,"column":0}},"192":{"start":{"line":193,"column":0},"end":{"line":193,"column":25}},"193":{"start":{"line":194,"column":0},"end":{"line":194,"column":2}},"194":{"start":{"line":195,"column":0},"end":{"line":195,"column":0}},"195":{"start":{"line":196,"column":0},"end":{"line":196,"column":33}},"196":{"start":{"line":197,"column":0},"end":{"line":197,"column":32}},"197":{"start":{"line":198,"column":0},"end":{"line":198,"column":48}},"198":{"start":{"line":199,"column":0},"end":{"line":199,"column":37}},"199":{"start":{"line":200,"column":0},"end":{"line":200,"column":4}},"200":{"start":{"line":201,"column":0},"end":{"line":201,"column":47}},"201":{"start":{"line":202,"column":0},"end":{"line":202,"column":2}}},"s":{"0":1,"1":1,"2":1,"3":1,"4":1,"5":1,"6":1,"7":1,"8":1,"9":1,"10":1,"11":1,"12":1,"13":1,"14":1,"15":1,"16":1,"17":1,"18":1,"19":1,"20":1,"21":1,"22":1,"23":1,"24":0,"25":0,"26":0,"27":0,"28":0,"29":1,"30":1,"31":0,"32":0,"33":0,"34":0,"35":0,"36":0,"37":0,"38":0,"39":0,"40":0,"41":0,"42":0,"43":0,"44":1,"45":1,"46":0,"47":0,"48":0,"49":0,"50":0,"51":0,"52":0,"53":0,"54":0,"55":0,"56":0,"57":0,"58":0,"59":0,"60":0,"61":0,"62":0,"63":0,"64":0,"65":0,"66":0,"67":0,"68":1,"69":1,"70":0,"71":0,"72":0,"73":0,"74":0,"75":0,"76":0,"77":0,"78":0,"79":0,"80":0,"81":0,"82":0,"83":0,"84":0,"85":1,"86":1,"87":0,"88":0,"89":0,"90":0,"91":0,"92":0,"93":0,"94":0,"95":0,"96":0,"97":0,"98":0,"99":0,"100":0,"101":1,"102":1,"103":0,"104":0,"105":0,"106":0,"107":0,"108":0,"109":0,"110":0,"111":0,"112":0,"113":0,"114":0,"115":0,"116":0,"117":0,"118":0,"119":0,"120":1,"121":1,"122":0,"123":0,"124":0,"125":0,"126":0,"127":0,"128":0,"129":0,"130":0,"131":0,"132":0,"133":0,"134":0,"135":0,"136":0,"137":1,"138":1,"139":0,"140":0,"141":0,"142":0,"143":0,"144":0,"145":0,"146":0,"147":0,"148":0,"149":0,"150":1,"151":1,"152":0,"153":0,"154":0,"155":0,"156":0,"157":0,"158":0,"159":0,"160":0,"161":0,"162":0,"163":0,"164":0,"165":0,"166":1,"167":1,"168":0,"169":0,"170":0,"171":0,"172":0,"173":0,"174":0,"175":0,"176":1,"177":1,"178":1,"179":1,"180":1,"181":1,"182":1,"183":1,"184":1,"185":0,"186":0,"187":1,"188":1,"189":1,"190":1,"191":1,"192":1,"193":1,"194":1,"195":1,"196":0,"197":0,"198":0,"199":0,"200":0,"201":0},"branchMap":{"0":{"type":"branch","line":178,"loc":{"start":{"line":178,"column":28},"end":{"line":194,"column":2}},"locations":[{"start":{"line":178,"column":28},"end":{"line":194,"column":2}}]},"1":{"type":"branch","line":182,"loc":{"start":{"line":182,"column":12},"end":{"line":191,"column":3}},"locations":[{"start":{"line":182,"column":12},"end":{"line":191,"column":3}}]},"2":{"type":"branch","line":190,"loc":{"start":{"line":190,"column":11},"end":{"line":190,"column":30}},"locations":[{"start":{"line":190,"column":11},"end":{"line":190,"column":30}}]}},"b":{"0":[1],"1":[1],"2":[1]},"fnMap":{"0":{"name":"makeResult","decl":{"start":{"line":24,"column":19},"end":{"line":29,"column":2}},"loc":{"start":{"line":24,"column":19},"end":{"line":29,"column":2}},"line":24},"1":{"name":"uploadImage","decl":{"start":{"line":31,"column":27},"end":{"line":44,"column":2}},"loc":{"start":{"line":31,"column":27},"end":{"line":44,"column":2}},"line":31},"2":{"name":"useDbData","decl":{"start":{"line":46,"column":25},"end":{"line":68,"column":2}},"loc":{"start":{"line":46,"column":25},"end":{"line":68,"column":2}},"line":46},"3":{"name":"useDbAdd","decl":{"start":{"line":70,"column":24},"end":{"line":85,"column":2}},"loc":{"start":{"line":70,"column":24},"end":{"line":85,"column":2}},"line":70},"4":{"name":"useDbUpdate","decl":{"start":{"line":87,"column":27},"end":{"line":101,"column":2}},"loc":{"start":{"line":87,"column":27},"end":{"line":101,"column":2}},"line":87},"5":{"name":"useDbDelete","decl":{"start":{"line":103,"column":27},"end":{"line":120,"column":2}},"loc":{"start":{"line":103,"column":27},"end":{"line":120,"column":2}},"line":103},"6":{"name":"signInWithGoogle","decl":{"start":{"line":122,"column":32},"end":{"line":137,"column":2}},"loc":{"start":{"line":122,"column":32},"end":{"line":137,"column":2}},"line":122},"7":{"name":"signInWithEmailPassword","decl":{"start":{"line":139,"column":39},"end":{"line":150,"column":2}},"loc":{"start":{"line":139,"column":39},"end":{"line":150,"column":2}},"line":139},"8":{"name":"signUpWithEmailPassword","decl":{"start":{"line":152,"column":39},"end":{"line":166,"column":2}},"loc":{"start":{"line":152,"column":39},"end":{"line":166,"column":2}},"line":152},"9":{"name":"firebaseSignOut","decl":{"start":{"line":168,"column":31},"end":{"line":176,"column":2}},"loc":{"start":{"line":168,"column":31},"end":{"line":176,"column":2}},"line":168},"10":{"name":"useAuthState","decl":{"start":{"line":178,"column":28},"end":{"line":194,"column":2}},"loc":{"start":{"line":178,"column":28},"end":{"line":194,"column":2}},"line":178},"11":{"name":"useProfile","decl":{"start":{"line":196,"column":26},"end":{"line":202,"column":2}},"loc":{"start":{"line":196,"column":26},"end":{"line":202,"column":2}},"line":196}},"f":{"0":0,"1":0,"2":0,"3":0,"4":0,"5":0,"6":0,"7":0,"8":0,"9":0,"10":1,"11":0}}
}
